42.350000 4.705556 -103.301178 1
42.000000 4.666667 -99.554129 2
41.833333 4.648148 -97.779403 3
41.500000 4.611111 -94.245108 4
41.200000 4.577778 -91.084723 5
40.950000 4.550000 -88.464878 6
40.700000 4.522222 -85.858857 7
40.366667 4.485185 -82.404692 8
40.200000 4.466667 -80.685228 9
39.850000 4.427778 -77.094631 10
39.500000 4.388889 -73.528670 11
39.250000 4.361111 -70.997186 12
39.000000 4.333333 -68.479609 13
38.666667 4.296296 -65.143488 14
38.350000 4.261111 -61.996571 15
38.100000 4.233333 -59.523227 16
37.766667 4.196296 -56.249506 17
37.533333 4.170370 -53.971344 18
37.200000 4.133333 -50.735694 19
36.866667 4.096296 -47.525223 20
36.550000 4.061111 -44.497792 21
36.300000 4.033333 -42.118840 22
35.966667 3.996296 -38.971128 23
35.650000 3.961111 -36.003757 24
35.333333 3.925926 -33.054008 25
34.950000 3.883333 -29.513541 26
34.650000 3.850000 -26.763707 27
34.400000 3.822222 -24.488150 28
34.066667 3.785185 -21.475189 29
33.750000 3.750000 -18.635816 30
33.433333 3.714815 -15.814324 31
33.050000 3.672222 -12.429576 32
32.666667 3.629630 -9.077206 33
32.433333 3.603704 -7.052005 34
32.050000 3.561111 -3.750213 35
31.666667 3.518519 -0.481061 36
31.375000 3.486111 1.984432 37
30.950000 3.438889 5.545762 38
30.566667 3.396296 8.722783 39
30.333333 3.370370 10.641066 40
29.950000 3.327778 13.766963 41
29.500000 3.277778 17.394169 42
29.150000 3.238889 20.187179 43
28.850000 3.205556 22.557039 44
28.400000 3.155556 26.075559 45
27.933333 3.103704 29.677181 46
27.700000 3.077778 31.460902 47
27.200000 3.022222 35.241733 48
26.966667 2.996296 36.986751 49
26.500000 2.944444 40.442386 50
26.050000 2.894444 43.728578 51
25.625000 2.847222 46.788806 52
25.275000 2.808333 49.279427 53
24.800000 2.755556 52.615053 54
24.450000 2.716667 55.036252 55
24.040000 2.671111 57.845378 56
23.500000 2.611111 61.484570 57
23.033333 2.559259 64.574148 58
22.650000 2.516667 67.071813 59
22.200000 2.466667 69.972278 60
21.660000 2.406667 73.386656 61
21.200000 2.355556 76.241055 62
20.800000 2.311111 78.692442 63
20.260000 2.251111 81.935399 64
19.800000 2.200000 84.639901 65
19.200000 2.133333 88.092981 66
18.640000 2.071111 91.241595 67
18.060000 2.006667 94.413750 68
17.550000 1.950000 97.129579 69
17.040000 1.893333 99.793720 70
16.400000 1.822222 103.049431 71
15.657143 1.739683 106.716391 72
15.100000 1.677778 109.379737 73
14.542857 1.615873 111.980237 74
13.750000 1.527778 115.549771 75
12.957143 1.439683 118.972852 76
12.212500 1.356944 122.048603 77
11.450000 1.272222 125.073021 78
10.550000 1.172222 128.481380 79
9.622222 1.069136 131.815240 80
8.640000 0.960000 135.141389 81
7.550000 0.838889 138.596969 82
6.350000 0.705556 142.132976 83
5.191667 0.576852 145.292711 84
4.200000 0.466667 147.808960 85
3.450000 0.383333 149.594229 86
2.650000 0.294444 151.419396 87
1.900000 0.211111 153.106630 88
1.300000 0.144444 154.525155 89
