0.560000 0.012494 12.475029 155.049941
0.580000 0.074831 14.230980 151.538041
0.600000 0.137089 15.506841 148.986318
0.620000 0.187381 16.516528 146.966945
0.640000 0.229566 17.386463 145.227073
0.660000 0.265785 18.159860 143.680280
0.680000 0.297330 18.858630 142.282741
0.700000 0.325117 19.497523 141.004953
0.720000 0.349816 20.086922 139.826157
0.740000 0.371955 20.635205 138.729590
0.760000 0.391868 21.146922 137.706156
0.780000 0.405245 21.501147 136.997706
0.800000 0.405155 21.491618 137.016765
0.820000 0.402788 21.415005 137.169990
0.840000 0.400411 21.338019 137.323961
0.860000 0.398026 21.260656 137.478687
0.880000 0.395630 21.182929 137.634141
0.900000 0.393225 21.104852 137.790296
0.920000 0.390812 21.026427 137.947145
0.940000 0.388390 20.947653 138.104694
0.960000 0.385961 20.868557 138.262887
0.980000 0.383524 20.789139 138.421722
1.000000 0.381080 20.709398 138.581204
1.020000 0.378628 20.629358 138.741284
1.039999 0.376170 20.549021 138.901959
1.059999 0.373707 20.468387 139.063227
1.079999 0.371237 20.387483 139.225035
1.099999 0.368762 20.306298 139.387403
1.119999 0.366282 20.224858 139.550284
1.139999 0.363797 20.143161 139.713678
1.159999 0.361308 20.061215 139.877570
1.179999 0.358814 19.979044 140.041912
1.199999 0.356318 19.896638 140.206725
1.219999 0.353819 19.814025 140.371950
1.239999 0.351316 19.731205 140.537590
1.259999 0.348811 19.648183 140.703634
1.279999 0.346305 19.564976 140.870048
1.299999 0.343796 19.481600 141.036799
1.319999 0.341286 19.398049 141.203902
1.339999 0.338775 19.314347 141.371306
1.359999 0.336266 19.230500 141.539000
1.379999 0.333755 19.146515 141.706971
1.399999 0.331244 19.062406 141.875187
1.419999 0.328735 18.978171 142.043658
1.439999 0.326227 18.893837 142.212325
1.459999 0.323720 18.809407 142.381186
1.479999 0.321216 18.724884 142.550233
1.499999 0.318713 18.640289 142.719423
1.519999 0.316214 18.555622 142.888756
1.539999 0.313717 18.470898 143.058204
1.559999 0.311224 18.386130 143.227740
1.579999 0.308735 18.301321 143.397358
1.599999 0.306250 18.216497 143.567005
1.619999 0.303769 18.131654 143.736691
1.639999 0.301295 18.046800 143.906399
1.659999 0.298826 17.961951 144.076098
1.679999 0.296362 17.877104 144.245793
1.699999 0.293903 17.792258 144.415484
1.719999 0.291449 17.707428 144.585145
1.739999 0.289004 17.622631 144.754738
1.759999 0.286564 17.537883 144.924234
1.779999 0.284134 17.453213 145.093573
1.799999 0.281711 17.368657 145.262685
1.819999 0.279299 17.284233 145.431534
1.839999 0.276895 17.199967 145.600067
1.859999 0.274505 17.115870 145.768260
1.879999 0.272124 17.031950 145.936099
1.899999 0.269757 16.948192 146.103617
1.919999 0.267398 16.864590 146.270820
1.939999 0.265049 16.781120 146.437761
1.959999 0.262708 16.697784 146.604432
1.979999 0.260378 16.614576 146.770848
1.999999 0.258059 16.531486 146.937028
2.019999 0.255750 16.448523 147.102954
2.039999 0.253451 16.365683 147.268633
2.059999 0.251159 16.282974 147.434053
2.079998 0.248880 16.200407 147.599187
2.099998 0.246611 16.117974 147.764052
2.119998 0.244353 16.035688 147.928625
2.139998 0.242106 15.953571 148.092858
2.159998 0.239869 15.871613 148.256775
2.179998 0.237645 15.789834 148.420333
2.199998 0.235432 15.708248 148.583503
2.219998 0.233232 15.626868 148.746265
2.239998 0.231044 15.545697 148.908606
2.259998 0.228870 15.464761 149.070478
2.279998 0.226708 15.384059 149.231882
2.299998 0.224561 15.303613 149.392773
2.319998 0.222427 15.223438 149.553125
2.339998 0.220308 15.143534 149.712933
2.359998 0.218203 15.063917 149.872167
2.379998 0.216113 14.984596 150.030808
2.399998 0.214038 14.905573 150.188853
2.419998 0.211977 14.826862 150.346276
2.439998 0.209932 14.748453 150.503095
2.459998 0.207902 14.670362 150.659276
2.479998 0.205888 14.592603 150.814794
2.499998 0.203888 14.515157 150.969686
2.519998 0.201904 14.438034 151.123932
2.539998 0.199936 14.361238 151.277524
2.559998 0.197983 14.284772 151.430456
2.579998 0.196044 14.208628 151.582745
2.599998 0.194121 14.132809 151.734382
2.619998 0.192214 14.057325 151.885350
2.639998 0.190321 13.982174 152.035653
2.659998 0.188443 13.907350 152.185301
2.679998 0.186581 13.832859 152.334282
2.699998 0.184735 13.758706 152.482588
2.719998 0.182904 13.684897 152.630205
2.739998 0.181087 13.611423 152.777155
2.759998 0.179287 13.538286 152.923427
2.779998 0.177501 13.465495 153.069009
2.799998 0.175730 13.393059 153.213882
2.819998 0.173976 13.320964 153.358072
2.839998 0.172235 13.249219 153.501562
2.859998 0.170509 13.177829 153.644343
2.879998 0.168800 13.106790 153.786420
2.899998 0.167106 13.036100 153.927799
2.919998 0.165427 12.965781 154.068437
2.939998 0.163761 12.895810 154.208380
2.959998 0.162111 12.826198 154.347603
2.979998 0.160477 12.756951 154.486098
2.999998 0.158859 12.688068 154.623863
3.019998 0.157254 12.619544 154.760912
3.039998 0.155664 12.551380 154.897239
3.059998 0.154089 12.483586 155.032828
3.079998 0.152531 12.416153 155.167695
3.099998 0.150986 12.349088 155.301824
3.119998 0.149455 12.282384 155.435233
3.139997 0.147940 12.216046 155.567909
3.159997 0.146442 12.150072 155.699856
3.179997 0.144956 12.084460 155.831079
3.199997 0.143483 12.019214 155.961571
3.219997 0.142025 11.954341 156.091318
3.239997 0.140582 11.889825 156.220350
3.259997 0.139150 11.825670 156.348660
3.279997 0.137733 11.761881 156.476238
3.299997 0.136331 11.698458 156.603084
3.319997 0.134944 11.635400 156.729201
3.339997 0.133572 11.572710 156.854579
3.359997 0.132213 11.510374 156.979252
3.379997 0.130864 11.448401 157.103198
3.399997 0.129531 11.386779 157.226442
3.419997 0.128211 11.325519 157.348962
3.439997 0.126905 11.264620 157.470759
3.459997 0.125613 11.204094 157.591813
3.479997 0.124332 11.143906 157.712189
3.499997 0.123065 11.084071 157.831857
3.519997 0.121810 11.024611 157.950779
3.539997 0.120570 10.965493 158.069014
3.559997 0.119340 10.906729 158.186542
3.579997 0.118126 10.848308 158.303385
3.599997 0.116922 10.790246 158.419508
3.619997 0.115732 10.732537 158.534926
3.639997 0.114553 10.675183 158.649634
3.659997 0.113386 10.618171 158.763659
3.679997 0.112233 10.561512 158.876977
3.699997 0.111091 10.505201 158.989597
3.719997 0.109962 10.449231 159.101538
3.739997 0.108843 10.393601 159.212797
3.759997 0.107737 10.338332 159.323336
3.779997 0.106644 10.283383 159.433234
3.799997 0.105560 10.228799 159.542401
3.819997 0.104488 10.174544 159.650912
3.839997 0.103428 10.120617 159.758766
3.859997 0.102381 10.067045 159.865910
3.879997 0.101342 10.013793 159.972414
3.899997 0.100315 9.960884 160.078232
3.919997 0.099300 9.908313 160.183375
3.939997 0.098298 9.856066 160.287868
3.959997 0.097305 9.804166 160.391668
3.979997 0.096320 9.752578 160.494843
3.999997 0.095347 9.701324 160.597351
4.019997 0.094384 9.650397 160.699207
4.039997 0.093432 9.599781 160.800438
4.059997 0.092491 9.549504 160.900992
4.079997 0.091561 9.499536 161.000928
4.099997 0.090642 9.449905 161.100190
4.119997 0.089733 9.400582 161.198836
4.139997 0.088833 9.351576 161.296849
4.159997 0.087943 9.302877 161.394245
4.179996 0.087061 9.254505 161.490989
4.199996 0.086188 9.206434 161.587132
4.219996 0.085325 9.158673 161.682655
4.239996 0.084472 9.111212 161.777576
4.259996 0.083628 9.064069 161.871862
4.279996 0.082793 9.017230 161.965539
4.299996 0.081970 8.970684 162.058632
4.319996 0.081154 8.924448 162.151103
4.339996 0.080345 8.878501 162.242997
4.359996 0.079544 8.832855 162.334289
4.379996 0.078751 8.787506 162.424988
4.399996 0.077968 8.742456 162.515089
4.419996 0.077199 8.697684 162.604632
4.439996 0.076436 8.653218 162.693564
4.459996 0.075682 8.609029 162.781942
4.479996 0.074933 8.565120 162.869759
4.499996 0.074196 8.521515 162.956969
4.519996 0.073463 8.478180 163.043639
4.539996 0.072734 8.435118 163.129764
4.559996 0.072021 8.392345 163.215310
4.579996 0.071320 8.349857 163.300285
4.599996 0.070616 8.307626 163.384748
4.619996 0.069925 8.265697 163.468607
4.639996 0.069236 8.224011 163.551979
4.659996 0.068562 8.182604 163.634792
4.679996 0.067894 8.141488 163.717023
4.699996 0.067231 8.100616 163.798768
4.719996 0.066575 8.060011 163.879979
4.739996 0.065926 8.019683 163.960635
4.759996 0.065287 7.979596 164.040808
4.779996 0.064654 7.939784 164.120432
4.799996 0.064024 7.900233 164.199535
4.819996 0.063407 7.860929 164.278141
4.839996 0.062792 7.821884 164.356232
4.859996 0.062189 7.783092 164.433816
4.879996 0.061588 7.744574 164.510851
4.899996 0.060991 7.706275 164.587451
4.919996 0.060409 7.668239 164.663521
4.939996 0.059827 7.630438 164.739125
4.959996 0.059251 7.592905 164.814190
4.979996 0.058687 7.555588 164.888823
4.999996 0.058124 7.518532 164.962937
5.019996 0.057567 7.481712 165.036575
5.039996 0.057016 7.445147 165.109706
5.059996 0.056477 7.408788 165.182423
5.079996 0.055941 7.372679 165.254642
5.099996 0.055409 7.336801 165.326398
5.119996 0.054880 7.301168 165.397664
5.139996 0.054359 7.265759 165.468481
5.159996 0.053848 7.230576 165.538847
5.179996 0.053340 7.195626 165.608748
5.199996 0.052836 7.160887 165.678226
5.219995 0.052339 7.126389 165.747221
5.239995 0.051845 7.092102 165.815797
5.259995 0.051355 7.058051 165.883897
5.279995 0.050872 7.024199 165.951603
5.299995 0.050395 6.990582 166.018836
5.319995 0.049924 6.957173 166.085654
5.339995 0.049459 6.923998 166.152004
5.359995 0.048999 6.891008 166.217983
5.379995 0.048544 6.858256 166.283488
5.399995 0.048094 6.825702 166.348595
5.419995 0.047648 6.793357 166.413286
5.439995 0.047207 6.761236 166.477529
5.459995 0.046768 6.729291 166.541419
5.479995 0.046334 6.697571 166.604858
5.499995 0.045905 6.666062 166.667875
5.519995 0.045481 6.634740 166.730520
5.539995 0.045062 6.603626 166.792748
5.559995 0.044650 6.572700 166.854601
5.579995 0.044245 6.541980 166.916040
5.599995 0.043844 6.511462 166.977077
5.619995 0.043442 6.481129 167.037743
5.639995 0.043044 6.451006 167.097989
5.659995 0.042651 6.421051 167.157898
5.679995 0.042263 6.391303 167.217394
5.699995 0.041877 6.361752 167.276495
5.719995 0.041495 6.332364 167.335271
5.739995 0.041123 6.303190 167.393619
5.759995 0.040755 6.274179 167.451642
5.779995 0.040385 6.245370 167.509260
5.799995 0.040023 6.216736 167.566528
5.819995 0.039655 6.188280 167.623440
5.839995 0.039302 6.160010 167.679981
5.859995 0.038955 6.131910 167.736180
5.879995 0.038604 6.104007 167.791987
5.899995 0.038256 6.076267 167.847465
5.919995 0.037913 6.048697 167.902607
5.939995 0.037584 6.021298 167.957404
5.959995 0.037244 5.994078 168.011844
5.979995 0.036913 5.967038 168.065923
5.999995 0.036584 5.940165 168.119671
6.019995 0.036266 5.913427 168.173146
6.039995 0.035942 5.886896 168.226207
6.059995 0.035622 5.860508 168.278984
6.079995 0.035315 5.834295 168.331409
6.099995 0.035000 5.808263 168.383475
6.119995 0.034693 5.782378 168.435243
6.139995 0.034392 5.756644 168.486712
6.159995 0.034089 5.731057 168.537885
6.179995 0.033791 5.705656 168.588687
6.199995 0.033498 5.680404 168.639192
6.219995 0.033203 5.655305 168.689391
