0.540000 0.270652 5.801136 168.397526
0.560000 0.451570 7.936408 164.127024
0.580000 0.594302 9.622924 160.754008
0.600000 0.687182 10.717920 158.564024
0.620000 0.736080 11.378798 157.242272
0.640000 0.774810 11.979930 156.040010
0.660000 0.807517 12.549361 154.901151
0.680000 0.835580 13.088497 153.822879
0.700000 0.859793 13.599859 152.800157
0.720000 0.880962 14.085980 151.827916
0.740000 0.899465 14.549751 150.900373
0.760000 0.915801 14.992129 150.015619
0.780000 0.925437 15.305685 149.388507
0.800000 0.921533 15.306542 149.386795
0.820000 0.915268 15.250551 149.498776
0.840000 0.909032 15.194307 149.611264
0.860000 0.902772 15.137800 149.724278
0.880000 0.896464 15.081040 149.837800
0.900000 0.890200 15.024049 149.951782
0.920000 0.883852 14.966815 150.066250
0.940000 0.877594 14.909336 150.181208
0.960000 0.871278 14.851643 150.296595
0.980000 0.864973 14.793742 150.412397
1.000000 0.858642 14.735606 150.528670
1.020000 0.852299 14.677284 150.645315
1.039999 0.845971 14.618758 150.762367
1.059999 0.839620 14.560021 150.879842
1.079999 0.833305 14.501120 150.997645
1.099999 0.827005 14.442021 151.115842
1.119999 0.820635 14.382754 151.234376
1.139999 0.814356 14.323321 151.353243
1.159999 0.807948 14.263711 151.472464
1.179999 0.801691 14.203972 151.591943
1.199999 0.795273 14.144063 151.711761
1.219999 0.789034 14.084033 151.831822
1.239999 0.782685 14.023868 151.952151
1.259999 0.776429 13.963566 152.072756
1.279999 0.770120 13.903147 152.193594
1.299999 0.763831 13.842633 152.314624
1.319999 0.757578 13.781992 152.435906
1.339999 0.751268 13.721268 152.557354
1.359999 0.745056 13.660455 152.678981
1.379999 0.738754 13.599557 152.800776
1.399999 0.732585 13.538592 152.922707
1.419999 0.726303 13.477541 153.044810
1.439999 0.720176 13.416445 153.167003
1.459999 0.713971 13.355293 153.289307
1.479999 0.707853 13.294087 153.411719
1.499999 0.701692 13.232856 153.534183
1.519999 0.695572 13.171580 153.656735
1.539999 0.689499 13.110280 153.779334
1.559999 0.683374 13.048965 153.901966
1.579999 0.677370 12.987630 154.024636
1.599999 0.671259 12.926310 154.147276
1.619999 0.665344 12.864992 154.269913
1.639999 0.659229 12.803672 154.392553
1.659999 0.653377 12.742384 154.515130
1.679999 0.647315 12.681108 154.637682
1.699999 0.641510 12.619848 154.760203
1.719999 0.635509 12.558612 154.882676
1.739999 0.629720 12.497420 155.005060
1.759999 0.623842 12.436277 155.127346
1.779999 0.618048 12.375209 155.249484
1.799999 0.612279 12.314240 155.371422
1.819999 0.606492 12.253377 155.493148
1.839999 0.600884 12.192639 155.614624
1.859999 0.595078 12.132041 155.735820
1.879999 0.589583 12.071587 155.856729
1.899999 0.583758 12.011259 155.977386
1.919999 0.578366 11.951068 156.097768
1.939999 0.572659 11.890976 156.217952
1.959999 0.567312 11.830996 156.337913
1.979999 0.561819 11.771132 156.457641
1.999999 0.556385 11.711357 156.577192
2.019999 0.551069 11.651695 156.696518
2.039999 0.545553 11.592130 156.815647
2.059999 0.540352 11.532667 156.934573
2.079998 0.534838 11.473335 157.053239
2.099998 0.529660 11.414099 157.171710
2.119998 0.524467 11.354978 157.289954
2.139998 0.519229 11.296008 157.407895
2.159998 0.514134 11.237149 157.525612
2.179998 0.508900 11.178437 157.643037
2.199998 0.503794 11.119880 157.760150
2.219998 0.498727 11.061488 157.876935
2.239998 0.493746 11.003251 157.993411
2.259998 0.488764 10.945204 158.109504
2.279998 0.483805 10.887322 158.225270
2.299998 0.478814 10.829643 158.340628
2.319998 0.473987 10.772171 158.455573
2.339998 0.469173 10.714900 158.570115
2.359998 0.464381 10.657851 158.684213
2.379998 0.459578 10.601029 158.797858
2.399998 0.454887 10.544428 158.911059
2.419998 0.450217 10.488069 159.023778
2.439998 0.445598 10.431923 159.136070
2.459998 0.440956 10.376015 159.247887
2.479998 0.436449 10.320374 159.359170
2.499998 0.431937 10.264956 159.470006
2.519998 0.427484 10.209775 159.580369
2.539998 0.422999 10.154844 159.690231
2.559998 0.418626 10.100164 159.799592
2.579998 0.414343 10.045717 159.908486
2.599998 0.409940 9.991508 160.016904
2.619998 0.405694 9.937557 160.124807
2.639998 0.401523 9.883851 160.232219
2.659998 0.397237 9.830386 160.339150
2.679998 0.393175 9.777165 160.445592
2.699998 0.388982 9.724196 160.551531
2.719998 0.384937 9.671494 160.656936
2.739998 0.381002 9.619028 160.761868
2.759998 0.376804 9.566809 160.866306
2.779998 0.372975 9.514847 160.970229
2.799998 0.369017 9.463161 161.073602
2.819998 0.365148 9.411716 161.176493
2.839998 0.361388 9.360529 161.278868
2.859998 0.357395 9.309605 161.380716
2.879998 0.353815 9.258937 161.482052
2.899998 0.349851 9.208517 161.582893
2.919998 0.346367 9.158389 161.683149
2.939998 0.342621 9.108502 161.782923
2.959998 0.339095 9.058877 161.882173
2.979998 0.335481 9.009528 161.980873
2.999998 0.331921 8.960448 162.079032
3.019998 0.328428 8.911624 162.176681
3.039998 0.324918 8.863061 162.273807
3.059998 0.321526 8.814778 162.370373
3.079998 0.318059 8.766752 162.466426
3.099998 0.314753 8.719004 162.561922
3.119998 0.311374 8.671508 162.656915
3.139997 0.308109 8.624285 162.751362
3.159997 0.304859 8.577326 162.845280
3.179997 0.301573 8.530625 162.938681
3.199997 0.298498 8.484195 163.031542
3.219997 0.295206 8.438045 163.123843
3.239997 0.292235 8.392145 163.215642
3.259997 0.288981 8.346504 163.306724
3.279997 0.286006 8.301130 163.397475
3.299997 0.282790 8.256026 163.487685
3.319997 0.279891 8.211192 163.577354
3.339997 0.276919 8.166635 163.666665
3.359997 0.274035 8.122320 163.755296
3.379997 0.271223 8.078275 163.843386
3.399997 0.268283 8.034468 163.930808
3.419997 0.265473 7.990929 164.017887
3.439997 0.262523 7.947657 164.104433
3.459997 0.259819 7.904676 164.190585
3.479997 0.257149 7.861912 164.276113
3.499997 0.254423 7.819399 164.360951
3.519997 0.251747 7.777186 164.445565
3.539997 0.248967 7.735204 164.529531
3.559997 0.246436 7.693476 164.612986
3.579997 0.243870 7.651983 164.695790
3.599997 0.241316 7.610760 164.778237
3.619997 0.238632 7.569793 164.860173
3.639997 0.236226 7.529093 164.941574
3.659997 0.233787 7.488625 165.022511
3.679997 0.231265 7.448424 165.102914
3.699997 0.228769 7.408474 165.182993
3.719997 0.226518 7.368761 165.262242
3.739997 0.224102 7.329287 165.341193
3.759997 0.221607 7.290097 165.419747
3.779997 0.219481 7.251106 165.497556
3.799997 0.217136 7.212411 165.575120
3.819997 0.214722 7.173936 165.652070
3.839997 0.212702 7.135682 165.728408
3.859997 0.210356 7.097710 165.804523
3.879997 0.208148 7.059943 165.879889
3.899997 0.206053 7.022433 165.954909
3.919997 0.203782 6.985175 166.029428
3.939997 0.201863 6.948137 166.103505
3.959997 0.199651 6.911372 166.177201
3.979997 0.197506 6.874808 166.250164
3.999997 0.195563 6.838492 166.322962
4.019997 0.193406 6.802409 166.395127
4.039997 0.191613 6.766533 166.466718
4.059997 0.189505 6.730923 166.537940
4.079997 0.187692 6.695518 166.608750
4.099997 0.185611 6.660379 166.679029
4.119997 0.183711 6.625444 166.748899
4.139997 0.181783 6.590739 166.818468
4.159997 0.179874 6.556245 166.887300
4.179996 0.178091 6.522005 166.955938
4.199996 0.176188 6.487965 167.024018
4.219996 0.174484 6.454149 167.091497
4.239996 0.172593 6.420537 167.158720
4.259996 0.170941 6.387170 167.225456
4.279996 0.169083 6.354021 167.291756
4.299996 0.167455 6.321068 167.357661
4.319996 0.165650 6.288351 167.423097
4.339996 0.164028 6.255827 167.488145
4.359996 0.162317 6.223524 167.552752
4.379996 0.160698 6.191436 167.616930
4.399996 0.159132 6.159570 167.680664
4.419996 0.157514 6.127883 167.744038
4.439996 0.156003 6.096437 167.806930
4.459996 0.154382 6.065174 167.869457
4.479996 0.152837 6.034104 167.931599
4.499996 0.151172 6.003278 167.993397
4.519996 0.149724 5.972624 168.054560
4.539996 0.148157 5.942153 168.115646
4.559996 0.146719 5.911906 168.176140
4.579996 0.145346 5.881870 168.236213
4.599996 0.143819 5.851989 168.295741
4.619996 0.142381 5.822367 168.355219
4.639996 0.140884 5.792874 168.413974
4.659996 0.139504 5.763594 168.472535
4.679996 0.138243 5.734554 168.530846
4.699996 0.136782 5.705652 168.588649
4.719996 0.135425 5.676943 168.646070
4.739996 0.134032 5.648449 168.703056
4.759996 0.132802 5.620098 168.759535
4.779996 0.131476 5.591963 168.816029
4.799996 0.130109 5.564018 168.871919
4.819996 0.128828 5.536236 168.927483
4.839996 0.127671 5.508641 168.982454
4.859996 0.126318 5.481226 169.037286
4.879996 0.125056 5.454040 169.091876
4.899996 0.123935 5.426960 169.146037
4.919996 0.122675 5.400093 169.199770
4.939996 0.121432 5.373371 169.253001
4.959996 0.120342 5.346876 169.306205
4.979996 0.119114 5.320494 169.358757
4.999996 0.117901 5.294323 169.411099
5.019996 0.116887 5.268317 169.463114
5.039996 0.115665 5.242514 169.514930
5.059996 0.114507 5.216812 169.566125
5.079996 0.113484 5.191307 169.617137
5.099996 0.112362 5.165964 169.667824
5.119996 0.111326 5.140816 169.718327
5.139996 0.110203 5.115815 169.768330
5.159996 0.109082 5.090969 169.818021
5.179996 0.108129 5.066296 169.867368
5.199996 0.107047 5.041752 169.916254
5.219995 0.106102 5.017404 169.965153
5.239995 0.105054 4.993186 170.013389
5.259995 0.104056 4.969161 170.061638
5.279995 0.103051 4.945242 170.109278
5.299995 0.102032 4.921518 170.156729
5.319995 0.101125 4.897928 170.203910
5.339995 0.100061 4.874532 170.250898
5.359995 0.099223 4.851224 170.297319
5.379995 0.098159 4.828122 170.343717
5.399995 0.097367 4.805143 170.389676
5.419995 0.096325 4.782310 170.435151
5.439995 0.095547 4.759661 170.480640
5.459995 0.094525 4.737091 170.525590
5.479995 0.093765 4.714712 170.570350
5.499995 0.092764 4.692494 170.614975
5.519995 0.092017 4.670384 170.659195
5.539995 0.091084 4.648432 170.703100
5.559995 0.090309 4.626597 170.746584
5.579995 0.089456 4.604922 170.789936
5.599995 0.088606 4.583397 170.833169
5.619995 0.087810 4.561988 170.875805
5.639995 0.086994 4.540753 170.918457
5.659995 0.086245 4.519602 170.960579
5.679995 0.085366 4.498620 171.002543
5.699995 0.084663 4.477791 171.044383
5.719995 0.083753 4.457036 171.085714
5.739995 0.083088 4.436476 171.127012
5.759995 0.082292 4.415997 171.167794
5.779995 0.081557 4.395688 171.208588
5.799995 0.080883 4.375492 171.248982
5.819995 0.080015 4.355416 171.288959
5.839995 0.079385 4.335482 171.329002
5.859995 0.078624 4.315654 171.368485
5.879995 0.077915 4.295994 171.407977
5.899995 0.077289 4.276433 171.447100
5.919995 0.076458 4.256982 171.486001
5.939995 0.075834 4.237652 171.524493
5.959995 0.075180 4.218456 171.562785
5.979995 0.074463 4.199404 171.601059
5.999995 0.073848 4.180463 171.638941
6.019995 0.073139 4.161569 171.676563
6.039995 0.072491 4.142882 171.713938
6.059995 0.071906 4.124261 171.751182
6.079995 0.071220 4.105781 171.788142
6.099995 0.070556 4.087454 171.824962
6.119995 0.070015 4.069210 171.861450
6.139995 0.069336 4.051057 171.897757
6.159995 0.068682 4.032992 171.933727
6.179995 0.068174 4.015097 171.969516
6.199995 0.067522 3.997296 172.005120
6.219995 0.066899 3.979600 172.040515
