0.680000 0.094321 3.302652 173.394378
0.700000 0.234237 5.555667 168.888455
0.720000 0.303553 7.091464 165.816869
0.740000 0.379415 8.670590 162.658627
0.760000 0.412912 9.434962 161.129887
0.780000 0.436583 10.031870 159.936073
0.800000 0.453701 10.590189 158.819434
0.820000 0.467830 11.122247 157.755318
0.840000 0.482576 11.635419 156.728975
0.860000 0.480026 11.714144 156.571525
0.880000 0.476481 11.668845 156.662124
0.900000 0.469831 11.614422 156.770970
0.920000 0.466317 11.568812 156.862189
0.940000 0.459737 11.514154 156.971506
0.960000 0.456236 11.468241 157.063332
0.980000 0.449711 11.413424 157.172965
1.000000 0.446219 11.367220 157.265375
1.020000 0.439769 11.312233 157.375347
1.039999 0.436311 11.265795 157.468225
1.059999 0.429941 11.210631 157.578552
1.079999 0.426520 11.163964 157.671887
1.099999 0.420216 11.108686 157.782442
1.119999 0.416815 11.061788 157.876240
1.139999 0.410579 11.006416 157.986983
1.159999 0.407209 10.959304 158.081208
1.179999 0.401049 10.903863 158.192090
1.199999 0.397716 10.856583 158.286650
1.219999 0.391643 10.801076 158.397663
1.239999 0.388347 10.753672 158.492473
1.259999 0.382350 10.698111 158.603594
1.279999 0.379084 10.650565 158.698686
1.299999 0.373167 10.595015 158.809788
1.319999 0.369936 10.547356 158.905106
1.339999 0.364108 10.491802 159.016213
1.359999 0.360916 10.444082 159.111653
1.379999 0.355179 10.388558 159.222702
1.399999 0.352040 10.340790 159.318239
1.419999 0.346385 10.285306 159.429206
1.439999 0.343291 10.237500 159.524820
1.459999 0.340203 10.189664 159.620493
1.479999 0.334670 10.134280 159.731260
1.499999 0.331619 10.086454 159.826913
1.519999 0.326173 10.031182 159.937456
1.539999 0.323170 9.983360 160.033100
1.559999 0.317813 9.928223 160.143374
1.579999 0.314855 9.880434 160.238954
1.599999 0.309590 9.825461 160.348898
1.619999 0.306684 9.777759 160.444305
1.639999 0.303791 9.730059 160.539705
1.659999 0.298653 9.675327 160.649168
1.679999 0.295811 9.627734 160.744355
1.699999 0.290764 9.573180 160.853464
1.719999 0.287972 9.525677 160.948471
1.739999 0.283021 9.471338 161.057148
1.759999 0.280279 9.423975 161.151875
1.779999 0.277555 9.376685 161.246455
1.799999 0.272733 9.322732 161.354361
1.819999 0.270063 9.275663 161.448501
1.839999 0.265334 9.222039 161.555747
1.859999 0.262723 9.175235 161.649357
1.879999 0.260131 9.128558 161.742712
1.899999 0.255535 9.075453 161.848920
1.919999 0.252989 9.029046 161.941737
1.939999 0.250475 8.982717 162.034394
1.959999 0.246019 8.930084 162.139661
1.979999 0.243556 8.884002 162.231825
1.999999 0.239186 8.831679 162.336470
2.019999 0.236764 8.785809 162.428213
2.039999 0.234370 8.740023 162.519786
2.059999 0.230136 8.688134 162.623563
2.079998 0.227774 8.642593 162.714645
2.099998 0.225446 8.597125 162.805582
2.119998 0.221331 8.545690 162.908451
2.139998 0.219052 8.500496 162.998840
2.159998 0.216781 8.455385 163.089065
2.179998 0.212795 8.404461 163.190911
2.199998 0.210575 8.359645 163.280543
2.219998 0.208384 8.314973 163.369888
2.239998 0.204524 8.264603 163.470629
2.259998 0.202357 8.220252 163.559332
2.279998 0.200256 8.176019 163.647797
2.299998 0.196486 8.126264 163.747308
2.319998 0.194443 8.082409 163.835019
2.339998 0.192377 8.038713 163.922412
2.359998 0.188767 7.989622 164.020593
2.379998 0.186756 7.946329 164.107180
2.399998 0.184790 7.903212 164.193416
2.419998 0.181265 7.854834 164.290171
2.439998 0.179357 7.812106 164.375628
2.459998 0.177417 7.769568 164.460704
2.479998 0.175558 7.727266 164.545310
2.499998 0.172201 7.679809 164.640223
2.519998 0.170366 7.637887 164.724067
2.539998 0.168554 7.596171 164.807500
2.559998 0.165284 7.549453 164.900937
2.579998 0.163546 7.508151 164.983541
2.599998 0.161800 7.467033 165.065779
2.619998 0.160028 7.426131 165.147583
2.639998 0.156963 7.380349 165.239146
2.659998 0.155280 7.339855 165.320135
2.679998 0.153610 7.299553 165.400741
2.699998 0.150611 7.254486 165.490873
2.719998 0.149005 7.214636 165.570575
2.739998 0.147401 7.174960 165.649927
2.759998 0.145813 7.135476 165.728896
2.779998 0.142938 7.091366 165.817116
2.799998 0.141413 7.052346 165.895158
2.819998 0.139884 7.013503 165.972844
2.839998 0.138380 6.974862 166.050126
2.859998 0.135671 6.931730 166.136390
2.879998 0.134193 6.893523 166.212805
2.899998 0.132725 6.855499 166.288854
2.919998 0.131301 6.817728 166.364397
2.939998 0.129886 6.780128 166.439598
2.959998 0.127325 6.738180 166.523492
2.979998 0.125936 6.701032 166.597789
2.999998 0.124567 6.664098 166.671659
3.019998 0.123222 6.627354 166.745148
3.039998 0.120789 6.586384 166.827087
3.059998 0.119483 6.550094 166.899668
3.079998 0.118189 6.513996 166.971865
3.099998 0.116908 6.478123 167.043611
3.119998 0.115642 6.442433 167.114991
3.139997 0.113343 6.402676 167.194505
3.159997 0.112113 6.367431 167.264996
3.179997 0.110892 6.332379 167.335101
3.199997 0.109680 6.297541 167.404778
3.219997 0.107494 6.258760 167.482339
3.239997 0.106348 6.224354 167.551152
3.259997 0.105204 6.190142 167.619160
3.279997 0.104059 6.156136 167.687176
3.299997 0.102931 6.122344 167.754763
3.319997 0.100855 6.084731 167.829987
3.339997 0.099789 6.051400 167.897064
3.359997 0.098709 6.018236 167.963392
3.379997 0.097634 5.985287 168.029291
3.399997 0.096577 5.952502 168.094457
3.419997 0.095553 5.919929 168.159606
3.439997 0.093620 5.883684 168.232094
3.459997 0.092618 5.851593 168.296681
3.479997 0.091621 5.819634 168.360599
3.499997 0.090616 5.787860 168.423750
3.519997 0.089670 5.756353 168.487163
3.539997 0.087845 5.721242 168.557384
3.559997 0.086922 5.690104 168.619661
3.579997 0.085972 5.659126 168.681225
3.599997 0.085067 5.628369 168.742743
3.619997 0.084137 5.597808 168.803867
3.639997 0.083255 5.567464 168.864557
3.659997 0.081551 5.533664 168.932155
3.679997 0.080695 5.503717 168.992052
3.699997 0.079824 5.473961 169.051951
3.719997 0.078970 5.444375 169.110742
3.739997 0.078146 5.414961 169.169573
3.759997 0.077292 5.385796 169.228282
3.779997 0.076472 5.356741 169.286019
3.799997 0.074943 5.324491 169.350894
3.819997 0.074127 5.295868 169.408139
3.839997 0.073344 5.267391 169.464723
3.859997 0.072580 5.239164 169.521549
3.879997 0.071798 5.211058 169.577393
3.899997 0.071042 5.183162 169.633187
3.919997 0.069597 5.152135 169.695240
3.939997 0.068876 5.124609 169.750295
3.959997 0.068146 5.097319 169.805240
3.979997 0.067424 5.070152 169.859213
3.999997 0.066719 5.043183 169.913515
4.019997 0.066010 5.016389 169.967102
4.039997 0.065321 4.989728 170.020070
4.059997 0.064644 4.963298 170.072933
4.079997 0.063336 4.933828 170.131870
4.099997 0.062660 4.907780 170.183969
4.119997 0.062004 4.881865 170.235801
4.139997 0.061364 4.856127 170.287629
4.159997 0.060728 4.830535 170.338465
4.179996 0.060100 4.805160 170.389564
4.199996 0.059477 4.779917 170.440052
4.219996 0.058271 4.751801 170.495937
4.239996 0.057667 4.726885 170.545772
4.259996 0.057070 4.702174 170.595196
4.279996 0.056481 4.677627 170.644293
4.299996 0.055899 4.653212 170.693125
4.319996 0.055321 4.628990 170.741570
4.339996 0.054747 4.604896 170.789761
4.359996 0.054178 4.580977 170.837602
4.379996 0.053620 4.557221 170.885117
4.399996 0.052531 4.530757 170.938042
4.419996 0.051994 4.507303 170.984952
4.439996 0.051474 4.484059 171.031443
4.459996 0.050945 4.460932 171.077700
4.479996 0.050419 4.437939 171.123687
4.499996 0.049897 4.415165 171.169562
4.519996 0.049406 4.392494 171.214581
4.539996 0.048900 4.369945 171.260003
4.559996 0.048396 4.347585 171.304724
4.579996 0.047428 4.322654 171.354585
4.599996 0.046944 4.300556 171.398249
4.619996 0.046460 4.278707 171.442480
4.639996 0.046009 4.256898 171.485572
4.659996 0.045534 4.235265 171.528841
4.679996 0.045084 4.213853 171.572190
4.699996 0.044622 4.192499 171.614897
4.719996 0.044180 4.171291 171.657314
4.739996 0.043734 4.150269 171.699359
4.759996 0.043301 4.129314 171.740760
4.779996 0.042421 4.105961 171.787975
4.799996 0.042008 4.085355 171.829188
4.819996 0.041583 4.064852 171.870195
4.839996 0.041181 4.044491 171.910411
4.859996 0.040758 4.024265 171.950866
4.879996 0.040361 4.004255 171.991390
4.899996 0.039963 3.984258 172.031384
4.919996 0.039566 3.964454 172.070993
4.939996 0.039180 3.944728 172.109953
4.959996 0.038792 3.925220 172.149463
4.979996 0.038011 3.903294 172.192819
4.999996 0.037637 3.884021 172.231369
5.019996 0.037276 3.864861 172.269692
5.039996 0.036903 3.845884 172.308134
5.059996 0.036544 3.826922 172.345575
5.079996 0.036188 3.808131 172.383160
5.099996 0.035844 3.789458 172.420509
5.119996 0.035489 3.770961 172.457983
5.139996 0.035143 3.752548 172.494808
5.159996 0.034803 3.734249 172.531407
5.179996 0.034467 3.716087 172.567731
5.199996 0.034140 3.697994 172.603451
5.219995 0.033455 3.677788 172.644331
5.239995 0.033126 3.659953 172.679532
5.259995 0.032810 3.642297 172.715313
5.279995 0.032498 3.624673 172.750099
5.299995 0.032190 3.607227 172.784994
5.319995 0.031880 3.589864 172.819721
5.339995 0.031571 3.572684 172.854541
5.359995 0.031267 3.555509 172.888436
5.379995 0.030972 3.538539 172.922832
5.399995 0.030679 3.521633 172.956644
5.419995 0.030389 3.504834 172.989794
5.439995 0.030102 3.488206 173.023500
5.459995 0.029817 3.471574 173.056320
5.479995 0.029222 3.452986 173.093494
5.499995 0.028946 3.436682 173.126548
5.519995 0.028672 3.420424 173.159064
5.539995 0.028410 3.404298 173.191317
5.559995 0.028147 3.388236 173.223002
5.579995 0.027886 3.372311 173.254856
5.599995 0.027623 3.356508 173.286898
5.619995 0.027361 3.340768 173.317947
5.639995 0.027104 3.325192 173.349530
5.659995 0.026861 3.309629 173.380230
5.679995 0.026615 3.294223 173.411044
5.699995 0.026362 3.278945 173.442025
5.719995 0.026114 3.263668 173.472158
5.739995 0.025885 3.248594 173.502728
5.759995 0.025642 3.233533 173.532433
5.779995 0.025129 3.216654 173.566609
5.799995 0.024908 3.201831 173.596255
5.819995 0.024673 3.187090 173.625320
5.839995 0.024449 3.172467 173.654983
5.859995 0.024230 3.157902 173.683701
5.879995 0.024002 3.143503 173.712912
5.899995 0.023794 3.129151 173.741616
5.919995 0.023569 3.114870 173.770180
5.939995 0.023365 3.100673 173.798168
5.959995 0.023145 3.086587 173.826101
5.979995 0.022945 3.072631 173.854417
5.999995 0.022731 3.058747 173.882188
6.019995 0.022533 3.044830 173.909624
6.039995 0.022322 3.031147 173.936993
6.059995 0.022126 3.017468 173.964356
6.079995 0.021932 3.003915 173.991464
6.099995 0.021731 2.990508 174.018672
6.119995 0.021310 2.975313 174.049059
6.139995 0.021116 2.961992 174.075703
6.159995 0.020926 2.948714 174.101871
6.179995 0.020748 2.935617 174.128069
6.199995 0.020560 2.922569 174.154168
6.219995 0.020375 2.909595 174.180118
