0.950000 0.007163 35.943534 108.112932
1.000000 0.048374 36.690818 106.618364
1.050000 0.107346 37.359699 105.280601
1.100000 0.171069 37.916853 104.166294
1.150000 0.227996 38.349443 103.301114
1.200000 0.278714 38.714924 102.570152
1.250000 0.324228 39.034456 101.931088
1.300000 0.365326 39.318465 101.363069
1.350000 0.402551 39.571922 100.856155
1.400000 0.427614 39.665189 100.669622
1.450000 0.434831 39.495598 101.008804
1.500000 0.433206 39.165216 101.669567
1.550000 0.430855 38.819391 102.361219
1.600000 0.428370 38.470717 103.058566
1.649999 0.425748 38.119438 103.761125
1.699999 0.422991 37.765696 104.468609
1.749999 0.420096 37.409682 105.180637
1.799999 0.417072 37.051889 105.896223
1.849999 0.413920 36.693057 106.613886
1.899999 0.410650 36.333573 107.332855
1.949999 0.407256 35.973287 108.053427
1.999999 0.403745 35.611970 108.776059
2.049999 0.400112 35.249596 109.500807
2.099999 0.396361 34.886299 110.227403
2.149999 0.392494 34.522269 110.955461
2.199999 0.388521 34.157805 111.684389
2.249999 0.384443 33.793262 112.413476
2.299999 0.380272 33.429057 113.141886
2.349999 0.376011 33.065581 113.868839
2.399999 0.371670 32.703146 114.593707
2.449999 0.367254 32.342031 115.315938
2.499999 0.362771 31.982422 116.035155
2.549999 0.358226 31.624449 116.751102
2.599999 0.353623 31.268219 117.463562
2.649999 0.348968 30.913830 118.172340
2.699999 0.344266 30.561396 118.877209
2.749999 0.339525 30.211034 119.577932
2.799999 0.334747 29.862871 120.274258
2.849998 0.329940 29.517046 120.965908
2.899998 0.325111 29.173684 121.652632
2.949998 0.320262 28.832898 122.334204
2.999998 0.315401 28.494804 123.010391
3.049998 0.310532 28.159488 123.681024
3.099998 0.305662 27.827049 124.345901
3.149998 0.300793 27.497562 125.004876
3.199998 0.295932 27.171095 125.657809
3.249998 0.291082 26.847719 126.304562
3.299998 0.286248 26.527489 126.945022
3.349998 0.281433 26.210445 127.579109
3.399998 0.276643 25.896638 128.206723
3.449998 0.271879 25.586111 128.827779
3.499998 0.267145 25.278890 129.442219
3.549998 0.262446 24.975014 130.049973
3.599998 0.257783 24.674515 130.650970
3.649998 0.253160 24.377414 131.245172
3.699998 0.248580 24.083745 131.832510
3.749998 0.244044 23.793529 132.412941
3.799998 0.239556 23.506778 132.986443
3.849998 0.235118 23.223508 133.552983
3.899997 0.230731 22.943729 134.112542
3.949997 0.226398 22.667435 134.665130
3.999997 0.222119 22.394634 135.210731
4.049997 0.217896 22.125317 135.749367
4.099998 0.213732 21.859478 136.281043
4.149998 0.209626 21.597106 136.805789
4.199998 0.205579 21.338180 137.323640
4.249998 0.201592 21.082684 137.834633
4.299998 0.197666 20.830601 138.338797
4.349998 0.193802 20.581912 138.836177
4.399999 0.190000 20.336581 139.326839
4.449999 0.186260 20.094596 139.810809
4.499999 0.182581 19.855919 140.288161
4.549999 0.178965 19.620532 140.758937
4.599999 0.175413 19.388408 141.223184
4.650000 0.171923 19.159504 141.680991
4.700000 0.168494 18.933813 142.132375
4.750000 0.165127 18.711282 142.577435
4.800000 0.161822 18.491894 143.016211
4.850000 0.158579 18.275603 143.448794
4.900001 0.155396 18.062392 143.875216
4.950001 0.152274 17.852214 144.295571
5.000001 0.149212 17.645035 144.709931
5.050001 0.146209 17.440832 145.118336
5.100001 0.143265 17.239555 145.520890
5.150002 0.140380 17.041175 145.917649
5.200002 0.137552 16.845665 146.308670
5.250002 0.134780 16.652967 146.694065
5.300002 0.132065 16.463064 147.073872
5.350002 0.129404 16.275916 147.448168
5.400002 0.126799 16.091486 147.817027
5.450003 0.124247 15.909727 148.180545
5.500003 0.121748 15.730621 148.538758
5.550003 0.119302 15.554122 148.891756
5.600003 0.116906 15.380188 149.239624
5.650003 0.114561 15.208796 149.582408
5.700004 0.112266 15.039899 149.920202
5.750004 0.110019 14.873469 150.253062
5.800004 0.107820 14.709462 150.581077
5.850004 0.105668 14.547842 150.904315
5.900004 0.103562 14.388576 151.222848
5.950005 0.101502 14.231624 151.536752
6.000005 0.099486 14.076954 151.846092
6.050005 0.097513 13.924534 152.150932
6.100005 0.095584 13.774306 152.451388
6.150005 0.093695 13.626254 152.747493
6.200006 0.091847 13.480348 153.039304