0.437500 0.000416 0.000044 -67226769079.265228
0.562500 0.064517 0.006839 163.644269
0.687500 0.031458 0.003453 153.766732
0.812500 0.032964 0.003475 154.269462
0.937500 0.028891 0.003210 154.884709
1.062500 0.033502 0.003419 155.514090
1.187500 0.029850 0.003200 156.154851
1.312500 0.043725 0.003850 156.804137
1.437500 0.041720 0.003747 157.458891
1.562500 0.044290 0.003855 158.116083
1.687500 0.050401 0.004115 158.772741
1.812500 0.056535 0.004375 159.426149
1.937500 0.062774 0.004640 160.071193
2.062500 0.063856 0.004708 160.707546
2.187500 0.073581 0.005090 161.335303
2.312500 0.073630 0.005143 161.951833
2.437500 0.076599 0.005311 162.553895
2.562500 0.074212 0.005301 163.139542
2.687500 0.072489 0.005315 163.708325
2.812500 0.070756 0.005333 164.259841
2.937500 0.056887 0.004860 164.793766
3.062500 0.055859 0.004899 165.309734
3.187500 0.068124 0.005508 165.807676
3.312500 0.072982 0.005806 166.287450
3.437500 0.066650 0.005653 166.749716
3.562500 0.071739 0.005978 167.194681
3.687500 0.070968 0.006063 167.622403
3.812500 0.072246 0.006241 168.033596
3.937500 0.059995 0.005800 168.428268
4.062500 0.068930 0.006346 168.807281
4.187500 0.059645 0.006025 169.171172
4.312500 0.058981 0.006116 169.520022
4.437500 0.048887 0.005683 169.854850
4.562500 0.059927 0.006425 170.176260
4.687500 0.051640 0.006086 170.484382
4.812500 0.053116 0.006304 170.780055
4.937500 0.042083 0.005727 171.063482
5.062500 0.133209 0.010402 171.335578
