0.950000 0.047783 0.047783 108.104319
1.050000 0.012047 0.006023 105.269047
1.150000 0.024065 0.005672 103.284586
1.250000 0.024933 0.004712 101.912586
1.350000 0.023150 0.003970 100.832428
1.450000 0.034265 0.004539 101.012523
1.550000 0.020250 0.003423 102.366901
1.650000 0.021812 0.003493 103.766838
1.750000 0.030361 0.004057 105.186366
1.850000 0.031737 0.004097 106.619635
1.950000 0.041373 0.004626 108.059182
2.050000 0.043959 0.004713 109.506565
2.150000 0.048977 0.004922 110.961220
2.250000 0.043281 0.004588 112.419229
2.350000 0.051392 0.004968 113.874605
2.450000 0.050000 0.004879 115.321682
2.550000 0.048273 0.004780 116.756823
2.650000 0.055609 0.005119 118.178035
2.750000 0.065357 0.005543 119.583603
2.850000 0.048893 0.004794 120.971535
2.950000 0.064071 0.005494 122.339789
3.050000 0.063861 0.005496 123.686562
3.150000 0.064241 0.005529 125.010368
3.250000 0.048911 0.004843 126.310002
3.350000 0.069206 0.005787 127.584494
3.450000 0.073862 0.006011 128.833114
3.550000 0.055449 0.005239 130.055245
3.650000 0.063222 0.005632 131.250387
3.750000 0.058054 0.005437 132.418083
3.850000 0.050709 0.005122 133.558056
3.950000 0.060530 0.005644 134.670136
4.050000 0.050920 0.005224 135.754306
4.150000 0.052986 0.005380 136.810647
4.250000 0.048477 0.005197 137.839410
4.350000 0.054601 0.005573 138.840879
4.450000 0.037766 0.004684 139.815438
4.550000 0.037414 0.004714 140.763476
4.650000 0.034013 0.004545 141.685440
4.750000 0.039778 0.004972 142.581824
4.850000 0.042633 0.005209 143.453106
4.950000 0.053446 0.005902 144.299815
5.050000 0.176984 0.010872 145.122502
