   1.0953e+00   1.0953e+00   1.0732e+02   5.7352e-02   5.4167e+00   7.3951e-02   1.7430e-02   6.9845e+00   1.6462e+00
   1.1873e+00   1.1873e+00   1.0520e+02   5.0771e-02   4.3585e+00   4.2280e-02   7.9902e-03   3.6297e+00   6.8594e-01
   1.2799e+00   1.2799e+00   1.0380e+02   4.5845e-02   3.6235e+00   3.2277e-02   5.5352e-03   2.5511e+00   4.3750e-01
   1.3726e+00   1.3726e+00   1.0270e+02   4.2737e-02   3.1439e+00   4.0278e-02   5.3347e-03   2.9630e+00   3.9244e-01
   1.4668e+00   1.4668e+00   1.0248e+02   4.0819e-02   2.8177e+00   2.1036e-02   3.5558e-03   1.4521e+00   2.4546e-01
   1.5642e+00   1.5642e+00   1.0377e+02   4.0071e-02   2.6114e+00   2.2636e-02   3.6250e-03   1.4752e+00   2.3624e-01
   1.6622e+00   1.6622e+00   1.0519e+02   4.1615e-02   2.5777e+00   3.1709e-02   4.2371e-03   1.9641e+00   2.6245e-01
   1.7605e+00   1.7605e+00   1.0662e+02   4.4804e-02   2.6531e+00   3.2803e-02   4.2707e-03   1.9424e+00   2.5289e-01
   1.8591e+00   1.8591e+00   1.0806e+02   4.8629e-02   2.7667e+00   4.3769e-02   4.8939e-03   2.4901e+00   2.7842e-01
   1.9580e+00   1.9580e+00   1.0951e+02   5.2024e-02   2.8560e+00   4.6806e-02   5.0183e-03   2.5695e+00   2.7549e-01
   2.0573e+00   2.0573e+00   1.1096e+02   5.4268e-02   2.8855e+00   5.2490e-02   5.2750e-03   2.7909e+00   2.8047e-01
   2.1568e+00   2.1568e+00   1.1242e+02   5.5228e-02   2.8535e+00   4.6689e-02   4.9491e-03   2.4123e+00   2.5571e-01
   2.2567e+00   2.2567e+00   1.1387e+02   5.5219e-02   2.7804e+00   5.5798e-02   5.3939e-03   2.8095e+00   2.7159e-01
   2.3567e+00   2.3567e+00   1.1532e+02   5.4699e-02   2.6909e+00   5.4636e-02   5.3314e-03   2.6878e+00   2.6227e-01
   2.4570e+00   2.4570e+00   1.1676e+02   5.4049e-02   2.6037e+00   5.3084e-02   5.2564e-03   2.5572e+00   2.5322e-01
   2.5575e+00   2.5575e+00   1.1818e+02   5.3503e-02   2.5290e+00   6.1012e-02   5.6401e-03   2.8839e+00   2.6660e-01
   2.6581e+00   2.6581e+00   1.1958e+02   5.3173e-02   2.4706e+00   7.2767e-02   6.1726e-03   3.3810e+00   2.8680e-01
   2.7589e+00   2.7589e+00   1.2097e+02   5.3089e-02   2.4287e+00   5.5292e-02   5.3956e-03   2.5295e+00   2.4683e-01
   2.8599e+00   2.8599e+00   1.2234e+02   5.3238e-02   2.4015e+00   7.2191e-02   6.1903e-03   3.2564e+00   2.7923e-01
   2.9610e+00   2.9610e+00   1.2369e+02   5.3587e-02   2.3866e+00   7.2906e-02   6.2521e-03   3.2470e+00   2.7845e-01
   3.0622e+00   3.0622e+00   1.2501e+02   5.4095e-02   2.3815e+00   7.2127e-02   6.2543e-03   3.1753e+00   2.7534e-01
   3.1635e+00   3.1635e+00   1.2631e+02   5.4720e-02   2.3839e+00   5.8792e-02   5.6835e-03   2.5613e+00   2.4760e-01
   3.2649e+00   3.2649e+00   1.2758e+02   5.5425e-02   2.3918e+00   7.8048e-02   6.5961e-03   3.3681e+00   2.8465e-01
   3.3664e+00   3.3664e+00   1.2883e+02   5.6177e-02   2.4035e+00   7.9293e-02   6.7019e-03   3.3925e+00   2.8673e-01
   3.4679e+00   3.4679e+00   1.3006e+02   5.6948e-02   2.4176e+00   7.0861e-02   6.3897e-03   3.0082e+00   2.7126e-01
   3.5695e+00   3.5695e+00   1.3125e+02   5.7714e-02   2.4330e+00   7.3337e-02   6.5596e-03   3.0916e+00   2.7652e-01
   3.6711e+00   3.6711e+00   1.3242e+02   5.8461e-02   2.4489e+00   6.9392e-02   6.4432e-03   2.9068e+00   2.6990e-01
   3.7728e+00   3.7728e+00   1.3356e+02   5.9178e-02   2.4648e+00   6.2277e-02   6.1665e-03   2.5939e+00   2.5684e-01
   3.8744e+00   3.8744e+00   1.3467e+02   5.9867e-02   2.4808e+00   6.9860e-02   6.6007e-03   2.8948e+00   2.7352e-01
   3.9761e+00   3.9761e+00   1.3575e+02   6.0542e-02   2.4972e+00   6.2506e-02   6.3139e-03   2.5782e+00   2.6044e-01
   4.0778e+00   4.0778e+00   1.3681e+02   6.1233e-02   2.5154e+00   5.7428e-02   6.1216e-03   2.3591e+00   2.5147e-01
   4.1795e+00   4.1795e+00   1.3784e+02   6.1994e-02   2.5374e+00   6.1476e-02   6.4088e-03   2.5162e+00   2.6231e-01
   4.2811e+00   4.2811e+00   1.3884e+02   6.2914e-02   2.5668e+00   6.0927e-02   6.4588e-03   2.4857e+00   2.6351e-01
   4.3828e+00   4.3828e+00   1.3982e+02   6.4125e-02   2.6088e+00   4.7020e-02   5.7446e-03   1.9129e+00   2.3371e-01
   4.4844e+00   4.4844e+00   1.4076e+02   6.5817e-02   2.6710e+00   4.7501e-02   5.8475e-03   1.9277e+00   2.3731e-01
   4.5860e+00   4.5860e+00   1.4169e+02   6.8238e-02   2.7634e+00   4.0614e-02   5.4761e-03   1.6447e+00   2.2176e-01
   4.6876e+00   4.6876e+00   1.4258e+02   7.1686e-02   2.8977e+00   4.8512e-02   6.0636e-03   1.9609e+00   2.4511e-01
   4.7892e+00   4.7892e+00   1.4345e+02   7.6453e-02   3.0857e+00   5.4481e-02   6.5120e-03   2.1989e+00   2.6283e-01
   4.8908e+00   4.8908e+00   1.4430e+02   8.2723e-02   3.3345e+00   6.7149e-02   7.3263e-03   2.7067e+00   2.9532e-01