   6.8695e-01   6.8695e-01   1.7082e+02   7.0000e-02   1.3373e+01   4.9680e-02   9.2246e-03   9.4907e+00   1.7623e+00
   8.0819e-01   8.0819e-01   1.5634e+02   5.8114e-02   8.4180e+00   2.2537e-02   2.9851e-03   3.2645e+00   4.3240e-01
   9.3191e-01   9.3191e-01   1.5488e+02   4.9704e-02   5.8114e+00   2.4254e-02   2.9405e-03   2.8358e+00   3.4381e-01
   1.0565e+00   1.0565e+00   1.5551e+02   3.3751e-02   3.3347e+00   2.5126e-02   2.9615e-03   2.4826e+00   2.9261e-01
   1.1811e+00   1.1811e+00   1.5615e+02   2.8788e-02   2.4861e+00   2.2988e-02   2.8075e-03   1.9853e+00   2.4246e-01
   1.3058e+00   1.3058e+00   1.5680e+02   2.7472e-02   2.1260e+00   2.9149e-02   3.1434e-03   2.2558e+00   2.4326e-01
   1.4306e+00   1.4306e+00   1.5746e+02   2.9635e-02   2.0943e+00   3.3309e-02   3.3479e-03   2.3540e+00   2.3659e-01
   1.5554e+00   1.5554e+00   1.5812e+02   3.5897e-02   2.3509e+00   4.3283e-02   3.8115e-03   2.8346e+00   2.4962e-01
   1.6803e+00   1.6803e+00   1.5877e+02   4.6771e-02   2.8719e+00   4.4689e-02   3.8756e-03   2.7441e+00   2.3798e-01
   1.8052e+00   1.8052e+00   1.5943e+02   6.1097e-02   3.5507e+00   4.3332e-02   3.8299e-03   2.5183e+00   2.2257e-01
   1.9302e+00   1.9302e+00   1.6007e+02   7.4746e-02   4.1431e+00   5.0767e-02   4.1727e-03   2.8140e+00   2.3129e-01
   2.0552e+00   2.0552e+00   1.6071e+02   8.3047e-02   4.4184e+00   6.3856e-02   4.7084e-03   3.3974e+00   2.5051e-01
   2.1803e+00   2.1803e+00   1.6134e+02   8.5118e-02   4.3701e+00   6.8652e-02   4.9155e-03   3.5247e+00   2.5237e-01
   2.3054e+00   2.3054e+00   1.6195e+02   8.3452e-02   4.1534e+00   7.4348e-02   5.1677e-03   3.7003e+00   2.5720e-01
   2.4305e+00   2.4305e+00   1.6255e+02   8.0733e-02   3.9100e+00   8.4701e-02   5.5848e-03   4.1021e+00   2.7048e-01
   2.5556e+00   2.5556e+00   1.6314e+02   7.8458e-02   3.7098e+00   7.1183e-02   5.1916e-03   3.3658e+00   2.4548e-01
   2.6807e+00   2.6807e+00   1.6371e+02   7.7080e-02   3.5685e+00   8.0673e-02   5.6075e-03   3.7349e+00   2.5961e-01
   2.8059e+00   2.8059e+00   1.6426e+02   7.6494e-02   3.4760e+00   7.6786e-02   5.5559e-03   3.4892e+00   2.5247e-01
   2.9311e+00   2.9311e+00   1.6479e+02   7.6474e-02   3.4183e+00   8.4292e-02   5.9155e-03   3.7678e+00   2.6442e-01
   3.0562e+00   3.0562e+00   1.6531e+02   7.6868e-02   3.3863e+00   8.2499e-02   5.9538e-03   3.6343e+00   2.6228e-01
   3.1814e+00   3.1814e+00   1.6581e+02   7.7593e-02   3.3745e+00   7.0351e-02   5.5976e-03   3.0595e+00   2.4344e-01
   3.3066e+00   3.3066e+00   1.6629e+02   7.8594e-02   3.3793e+00   6.4205e-02   5.4463e-03   2.7606e+00   2.3417e-01
   3.4318e+00   3.4318e+00   1.6675e+02   7.9824e-02   3.3978e+00   8.0555e-02   6.2146e-03   3.4290e+00   2.6454e-01
   3.5569e+00   3.5569e+00   1.6719e+02   8.1239e-02   3.4275e+00   6.8252e-02   5.8312e-03   2.8796e+00   2.4602e-01
   3.6821e+00   3.6821e+00   1.6762e+02   8.2801e-02   3.4662e+00   7.6148e-02   6.2815e-03   3.1877e+00   2.6295e-01
   3.8073e+00   3.8073e+00   1.6803e+02   8.4473e-02   3.5120e+00   8.1412e-02   6.6244e-03   3.3848e+00   2.7541e-01
   3.9325e+00   3.9325e+00   1.6843e+02   8.6226e-02   3.5634e+00   7.3452e-02   6.4175e-03   3.0355e+00   2.6521e-01
   4.0577e+00   4.0577e+00   1.6881e+02   8.8033e-02   3.6191e+00   7.1851e-02   6.4787e-03   2.9539e+00   2.6635e-01
   4.1828e+00   4.1828e+00   1.6917e+02   8.9871e-02   3.6780e+00   7.1209e-02   6.5827e-03   2.9142e+00   2.6940e-01
   4.3080e+00   4.3080e+00   1.6952e+02   9.1722e-02   3.7392e+00   6.9128e-02   6.6216e-03   2.8181e+00   2.6994e-01
   4.4332e+00   4.4332e+00   1.6985e+02   9.3571e-02   3.8019e+00   6.6065e-02   6.6058e-03   2.6843e+00   2.6840e-01
   4.5583e+00   4.5583e+00   1.7018e+02   9.5402e-02   3.8655e+00   6.3371e-02   6.6067e-03   2.5677e+00   2.6769e-01
   4.6835e+00   4.6835e+00   1.7048e+02   9.7205e-02   3.9295e+00   5.4510e-02   6.2526e-03   2.2036e+00   2.5276e-01
   4.8086e+00   4.8086e+00   1.7078e+02   9.8970e-02   3.9934e+00   5.2368e-02   6.2596e-03   2.1130e+00   2.5258e-01
   4.9338e+00   4.9338e+00   1.7106e+02   1.0069e-01   4.0569e+00   4.5980e-02   5.9856e-03   1.8526e+00   2.4117e-01