   6.8695e-01   6.8695e-01   1.7082e+02   6.4909e-02   1.2400e+01   5.1314e-02   1.0264e-02   9.8030e+00   1.9607e+00
   8.0819e-01   8.0819e-01   1.5634e+02   5.2321e-02   7.5789e+00   2.9264e-02   4.3152e-03   4.2389e+00   6.2507e-01
   9.3191e-01   9.3191e-01   1.5488e+02   5.0800e-02   5.9395e+00   2.7324e-02   4.0295e-03   3.1947e+00   4.7112e-01
   1.0565e+00   1.0565e+00   1.5551e+02   3.0901e-02   3.0532e+00   2.5540e-02   3.8951e-03   2.5235e+00   3.8485e-01
   1.1811e+00   1.1811e+00   1.5615e+02   2.6141e-02   2.2576e+00   1.7299e-02   3.2122e-03   1.4940e+00   2.7741e-01
   1.3058e+00   1.3058e+00   1.5680e+02   2.6025e-02   2.0140e+00   2.0469e-02   3.5106e-03   1.5840e+00   2.7168e-01
   1.4306e+00   1.4306e+00   1.5746e+02   2.9749e-02   2.1023e+00   2.2007e-02   3.6685e-03   1.5553e+00   2.5925e-01
   1.5554e+00   1.5554e+00   1.5812e+02   3.7384e-02   2.4483e+00   3.2429e-02   4.4971e-03   2.1238e+00   2.9452e-01
   1.6803e+00   1.6803e+00   1.5877e+02   4.8861e-02   3.0002e+00   2.7343e-02   4.1704e-03   1.6789e+00   2.5608e-01
   1.8052e+00   1.8052e+00   1.5943e+02   6.3051e-02   3.6642e+00   4.1866e-02   5.2330e-03   2.4331e+00   3.0412e-01
   1.9302e+00   1.9302e+00   1.6007e+02   7.7301e-02   4.2847e+00   5.1861e-02   5.9104e-03   2.8746e+00   3.2761e-01
   2.0552e+00   2.0552e+00   1.6071e+02   8.8603e-02   4.7140e+00   6.5720e-02   6.7788e-03   3.4966e+00   3.6066e-01
   2.1803e+00   2.1803e+00   1.6134e+02   9.5555e-02   4.9060e+00   8.0109e-02   7.6041e-03   4.1130e+00   3.9041e-01
   2.3054e+00   2.3054e+00   1.6195e+02   9.8728e-02   4.9137e+00   9.0611e-02   8.2370e-03   4.5097e+00   4.0995e-01
   2.4305e+00   2.4305e+00   1.6255e+02   9.9484e-02   4.8181e+00   9.9156e-02   8.7989e-03   4.8022e+00   4.2614e-01
   2.5556e+00   2.5556e+00   1.6314e+02   9.8993e-02   4.6808e+00   1.0300e-01   9.1760e-03   4.8701e+00   4.3388e-01
   2.6807e+00   2.6807e+00   1.6371e+02   9.7971e-02   4.5357e+00   9.1958e-02   8.8486e-03   4.2573e+00   4.0966e-01
   2.8059e+00   2.8059e+00   1.6426e+02   9.6777e-02   4.3977e+00   1.1409e-01   1.0084e-02   5.1844e+00   4.5824e-01
   2.9311e+00   2.9311e+00   1.6479e+02   9.5564e-02   4.2717e+00   1.1240e-01   1.0218e-02   5.0242e+00   4.5673e-01
   3.0562e+00   3.0562e+00   1.6531e+02   9.4381e-02   4.1578e+00   1.0874e-01   1.0322e-02   4.7903e+00   4.5470e-01
   3.1814e+00   3.1814e+00   1.6581e+02   9.3228e-02   4.0545e+00   9.9372e-02   1.0090e-02   4.3217e+00   4.3882e-01
   3.3066e+00   3.3066e+00   1.6629e+02   9.2092e-02   3.9597e+00   9.9374e-02   1.0360e-02   4.2728e+00   4.4544e-01
   3.4318e+00   3.4318e+00   1.6675e+02   9.0955e-02   3.8717e+00   1.2031e-01   1.1686e-02   5.1213e+00   4.9745e-01
   3.5569e+00   3.5569e+00   1.6719e+02   8.9808e-02   3.7890e+00   1.0843e-01   1.1367e-02   4.5749e+00   4.7958e-01
   3.6821e+00   3.6821e+00   1.6762e+02   8.8652e-02   3.7111e+00   9.6387e-02   1.3063e-02   4.0349e+00   5.4684e-01
   3.8073e+00   3.8073e+00   1.6803e+02   8.7510e-02   3.6383e+00   9.1650e-02   1.3164e-02   3.8104e+00   5.4732e-01
   3.9325e+00   3.9325e+00   1.6843e+02   8.6434e-02   3.5720e+00   9.4202e-02   1.3626e-02   3.8931e+00   5.6312e-01
   4.0577e+00   4.0577e+00   1.6881e+02   8.5521e-02   3.5159e+00   9.1236e-02   1.3757e-02   3.7508e+00   5.6555e-01
   4.1828e+00   4.1828e+00   1.6917e+02   8.4937e-02   3.4761e+00   9.0291e-02   1.4049e-02   3.6952e+00   5.7497e-01
   4.3080e+00   4.3080e+00   1.6952e+02   8.4950e-02   3.4631e+00   8.1296e-02   1.3915e-02   3.3141e+00   5.6724e-01
   4.4332e+00   4.4332e+00   1.6985e+02   8.5965e-02   3.4929e+00   7.5938e-02   1.3957e-02   3.0854e+00   5.6710e-01
   4.5583e+00   4.5583e+00   1.7018e+02   8.8556e-02   3.5882e+00   8.6250e-02   1.4879e-02   3.4947e+00   6.0289e-01
   4.6835e+00   4.6835e+00   1.7048e+02   9.3435e-02   3.7771e+00   7.4353e-02   1.4523e-02   3.0057e+00   5.8708e-01
   4.8086e+00   4.8086e+00   1.7078e+02   1.0126e-01   4.0860e+00   6.2927e-02   1.4138e-02   2.5391e+00   5.7047e-01
   4.9338e+00   4.9338e+00   1.7106e+02   1.1225e-01   4.5227e+00   6.7305e-02   1.4739e-02   2.7118e+00   5.9385e-01