0.985714 0.104225 0.034742 0.000000
1.071429 0.052088 0.011950 0.000000
1.157143 0.043502 0.008078 0.000000
1.242857 0.056290 0.007732 0.000000
1.328571 0.052561 0.006622 0.000000
1.414286 0.033040 0.004872 0.000000
1.500000 0.050083 0.005862 0.000000
1.585714 0.048577 0.005685 0.000000
1.671429 0.051095 0.005749 0.000000
1.757143 0.049775 0.005600 0.000000
1.842857 0.062930 0.006231 0.000000
1.928571 0.079292 0.006928 0.000000
2.014286 0.068815 0.006389 0.000000
2.100000 0.075077 0.006610 0.000000
2.185714 0.064094 0.006056 0.000000
2.271429 0.071701 0.006362 0.000000
2.357143 0.077688 0.006589 0.000000
2.442857 0.071015 0.006277 0.000000
2.528571 0.076695 0.006505 0.000000
2.614286 0.073631 0.006361 0.000000
2.700000 0.060279 0.005747 0.000000
2.785714 0.080460 0.006636 0.000000
2.871428 0.076116 0.006456 0.000000
2.957143 0.072431 0.006304 0.000000
3.042857 0.067730 0.006107 0.000000
3.128572 0.059208 0.005724 0.000000
3.214286 0.070708 0.006274 0.000000
3.300000 0.071789 0.006345 0.000000
3.385714 0.068438 0.006222 0.000000
3.471429 0.063951 0.006043 0.000000
3.557143 0.077322 0.006680 0.000000
3.642857 0.062457 0.006038 0.000000
3.728571 0.088656 0.007239 0.000000
3.814286 0.067688 0.006368 0.000000
3.900000 0.058330 0.005953 0.000000
3.985714 0.048111 0.005447 0.000000
4.071429 0.038223 0.004894 0.000000
4.157143 0.049683 0.005625 0.000000
4.242857 0.046647 0.005497 0.000000
4.328571 0.045495 0.005477 0.000000
4.414286 0.046995 0.005617 0.000000
4.500000 0.041035 0.005298 0.000000
4.585714 0.049490 0.005873 0.000000
4.671429 0.046906 0.005774 0.000000
4.757143 0.058718 0.006524 0.000000
4.842857 0.059915 0.006657 0.000000
4.928571 0.062666 0.006878 0.000000
5.014286 0.080172 0.007862 0.000000
5.100000 0.064560 0.007130 0.000000
5.185714 0.058714 0.006872 0.000000
5.271429 0.056708 0.006827 0.000000
5.357143 0.060478 0.007127 0.000000
5.442857 0.055813 0.006923 0.000000