0.772818 169.515740 0.039462 0.007893
0.909219 153.092920 0.023057 0.003400
1.048398 151.461059 0.021604 0.003186
1.188534 152.168452 0.020163 0.003075
1.328751 152.889292 0.013636 0.002532
1.469044 153.620307 0.016110 0.002763
1.609408 154.358064 0.017295 0.002883
1.749840 155.099145 0.025448 0.003529
1.890334 155.840185 0.021426 0.003268
2.030884 156.578101 0.032762 0.004095
2.171482 157.307090 0.040530 0.004619
2.312125 158.026745 0.051296 0.005291
2.452807 158.737143 0.062451 0.005928
2.593524 159.435271 0.070557 0.006414
2.734269 160.117419 0.077126 0.006844
2.875035 160.781339 0.080032 0.007130
3.015820 161.426482 0.071385 0.006869
3.156620 162.052347 0.088485 0.007821
3.297432 162.658532 0.087101 0.007918
3.438251 163.244585 0.084197 0.007992
3.579077 163.810392 0.076887 0.007807
3.719906 164.355762 0.076835 0.008010
3.860737 164.881416 0.092964 0.009030
4.001568 165.387563 0.083736 0.008778
4.142398 165.874246 0.074391 0.010082
4.283225 166.342254 0.070698 0.010155
4.424049 166.791578 0.072632 0.010506
4.564870 167.223180 0.070313 0.010602
4.705686 167.637658 0.069556 0.010823
4.846496 168.035089 0.062602 0.010715
4.987302 168.416619 0.058455 0.010744
5.128102 168.782928 0.066371 0.011450
5.268897 169.134153 0.057198 0.011172
5.409685 169.471240 0.048394 0.010873
5.550469 169.794415 0.051747 0.011332
