2.091488 101.011310 0.039109 0.004373
2.202801 102.496807 0.041285 0.004426
2.314462 103.994683 0.045699 0.004593
2.426452 105.500975 0.040124 0.004253
2.538741 107.009492 0.047334 0.004576
2.651301 108.514371 0.045758 0.004465
2.764107 110.011693 0.043898 0.004347
2.877140 111.499253 0.049828 0.004606
2.990379 112.975099 0.058702 0.004979
3.103805 114.437006 0.044070 0.004300
3.217397 115.882578 0.056864 0.004876
3.331136 117.309721 0.056770 0.004868
3.445002 118.716628 0.055536 0.004816
3.558980 120.101789 0.044777 0.004329
3.673053 121.463926 0.058816 0.004971
3.787206 122.801999 0.059143 0.004999
3.901425 124.115121 0.052331 0.004719
4.015699 125.402486 0.053641 0.004798
4.130015 126.663379 0.050287 0.004669
4.244362 127.897236 0.044729 0.004429
4.358730 129.103651 0.049746 0.004700
4.473111 130.282354 0.044143 0.004459
4.587497 131.433225 0.040235 0.004289
4.701882 132.556330 0.042745 0.004456
4.816258 133.651756 0.042055 0.004458
4.930622 134.719723 0.032229 0.003938
5.044969 135.760514 0.032341 0.003981
5.159294 136.774403 0.027475 0.003704
5.273594 137.761755 0.032617 0.004077
5.387867 138.722981 0.036416 0.004353
5.502110 139.658480 0.044632 0.004870
