0.680000 0.094321 3.302652 173.394378
0.700000 0.313901 6.358857 167.282108
0.720000 0.449826 7.992289 164.015270
0.740000 0.571191 9.457184 161.085493
0.760000 0.648344 10.391891 159.216087
0.780000 0.691060 10.979963 158.039945
0.800000 0.725084 11.514283 156.971309
0.820000 0.754223 12.024703 155.950469
0.840000 0.779409 12.511165 154.977546
0.860000 0.787943 12.726055 154.547768
0.880000 0.783332 12.700050 154.599778
0.900000 0.777587 12.650684 154.698511
0.920000 0.771846 12.601119 154.797641
0.940000 0.766082 12.551355 154.897170
0.960000 0.760338 12.501421 154.997038
0.980000 0.754565 12.451327 155.097227
1.000000 0.748802 12.401037 155.197806
1.020000 0.743069 12.350608 155.298665
1.039999 0.737271 12.300017 155.399848
1.059999 0.731567 12.249253 155.501377
1.079999 0.725754 12.198369 155.603145
1.099999 0.720060 12.147326 155.705232
1.119999 0.714247 12.096153 155.807578
1.139999 0.708552 12.044853 155.910178
1.159999 0.702789 11.993411 156.013062
1.179999 0.697067 11.941881 156.116124
1.199999 0.691354 11.890213 156.219460
1.219999 0.685619 11.838461 156.322965
1.239999 0.679941 11.786608 156.426671
1.259999 0.674207 11.734649 156.530589
1.279999 0.668555 11.682605 156.634677
1.299999 0.662850 11.630499 156.738891
1.319999 0.657208 11.578292 156.843304
1.339999 0.651562 11.526035 156.947820
1.359999 0.645909 11.473715 157.052461
1.379999 0.640329 11.421338 157.157215
1.399999 0.634690 11.368920 157.262051
1.419999 0.629147 11.316440 157.367012
1.439999 0.623529 11.263940 157.472013
1.459999 0.618043 11.211407 157.577079
1.479999 0.612440 11.158842 157.682210
1.499999 0.607005 11.106274 157.787346
1.519999 0.601425 11.053680 157.892534
1.539999 0.596042 11.001081 157.997732
1.559999 0.590505 10.948484 158.102927
1.579999 0.585176 10.895883 158.208129
1.599999 0.579659 10.843314 158.313267
1.619999 0.574414 10.790762 158.418373
1.639999 0.568916 10.738219 158.523459
1.659999 0.563732 10.685723 158.628451
1.679999 0.558283 10.633252 158.733395
1.699999 0.553148 10.580807 158.838284
1.719999 0.547741 10.528397 158.943105
1.739999 0.542663 10.476041 159.047817
1.759999 0.537322 10.423742 159.152416
1.779999 0.532271 10.371522 159.256857
1.799999 0.527044 10.319402 159.361096
1.819999 0.522010 10.267386 159.465130
1.839999 0.516899 10.215490 159.568922
1.859999 0.511898 10.163728 159.672447
1.879999 0.506909 10.112103 159.775696
1.899999 0.501931 10.060599 159.878706
1.919999 0.497001 10.009230 159.981445
1.939999 0.492090 9.957954 160.083996
1.959999 0.487197 9.906788 160.186329
1.979999 0.482360 9.855739 160.288427
1.999999 0.477554 9.804775 160.390356
2.019999 0.472782 9.753923 160.492061
2.039999 0.468060 9.703166 160.593574
2.059999 0.463367 9.652506 160.694894
2.079998 0.458672 9.601977 160.795954
2.099998 0.453995 9.551538 160.896833
2.119998 0.449343 9.501207 160.997496
2.139998 0.444781 9.451024 161.097861
2.159998 0.440263 9.400943 161.198024
2.179998 0.435745 9.351000 161.297910
2.199998 0.431241 9.301204 161.397503
2.219998 0.426757 9.251562 161.496786
2.239998 0.422352 9.202060 161.595791
2.259998 0.417984 9.152737 161.694438
2.279998 0.413644 9.103558 161.792796
2.299998 0.409318 9.054567 161.890778
2.319998 0.405035 9.005765 161.988384
2.339998 0.400807 8.957142 162.085630
2.359998 0.396620 8.908721 162.182472
2.379998 0.392464 8.860505 162.278904
2.399998 0.388310 8.812487 162.374942
2.419998 0.384214 8.764688 162.470540
2.439998 0.380197 8.717074 162.565768
2.459998 0.376191 8.669672 162.660573
2.479998 0.372157 8.622515 162.754887
2.499998 0.368258 8.575553 162.848812
2.519998 0.364411 8.528800 162.942319
2.539998 0.360454 8.482271 163.035377
2.559998 0.356632 8.435967 163.127986
2.579998 0.352953 8.389867 163.220185
2.599998 0.349075 8.343976 163.311967
2.619998 0.345376 8.298318 163.403284
2.639998 0.341797 8.252875 163.494171
2.659998 0.338008 8.207644 163.584634
2.679998 0.334485 8.162628 163.674666
2.699998 0.330933 8.117834 163.764254
2.719998 0.327287 8.073280 163.853363
2.739998 0.323936 8.028930 163.942063
2.759998 0.320331 7.984796 164.030331
2.779998 0.316956 7.940889 164.118146
2.799998 0.313583 7.897229 164.205466
2.819998 0.310118 7.853776 164.292372
2.839998 0.306916 7.810549 164.378826
2.859998 0.303490 7.767554 164.464817
2.879998 0.300348 7.724782 164.550362
2.899998 0.297022 7.682223 164.635481
2.919998 0.293919 7.639927 164.720073
2.939998 0.290731 7.597835 164.804257
2.959998 0.287580 7.555972 164.887984
2.979998 0.284509 7.514351 164.971225
2.999998 0.281370 7.472967 165.053994
3.019998 0.278418 7.431802 165.136324
3.039998 0.275335 7.390864 165.218201
3.059998 0.272461 7.350173 165.299584
3.079998 0.269436 7.309702 165.380527
3.099998 0.266619 7.269475 165.460980
3.119998 0.263677 7.229463 165.541004
3.139997 0.260903 7.189690 165.620552
3.159997 0.258053 7.150144 165.699642
3.179997 0.255294 7.110821 165.778290
3.199997 0.252532 7.071733 165.856465
3.219997 0.249814 7.032891 165.934151
3.239997 0.247145 6.994261 166.011410
3.259997 0.244502 6.955854 166.088025
3.279997 0.241872 6.917676 166.164382
3.299997 0.239246 6.879734 166.240268
3.319997 0.236626 6.842027 166.315684
3.339997 0.234096 6.804562 166.390810
3.359997 0.231610 6.767300 166.465335
3.379997 0.229139 6.730273 166.539390
3.399997 0.226688 6.693444 166.612855
3.419997 0.224285 6.656849 166.686047
3.439997 0.221804 6.620484 166.758777
3.459997 0.219396 6.584379 166.831178
3.479997 0.217110 6.548450 166.903038
3.499997 0.214798 6.512733 166.974283
3.519997 0.212533 6.477287 167.045365
3.539997 0.210157 6.442030 167.115878
3.559997 0.207928 6.406992 167.185954
3.579997 0.205784 6.372149 167.255457
3.599997 0.203595 6.337543 167.324671
3.619997 0.201312 6.303156 167.393446
3.639997 0.199216 6.269002 167.461755
3.659997 0.197156 6.235042 167.529677
3.679997 0.195033 6.201314 167.597134
3.699997 0.192831 6.167801 167.664339
3.719997 0.190945 6.134487 167.730790
3.739997 0.188899 6.101374 167.797017
3.759997 0.186735 6.068516 167.862909
3.779997 0.184939 6.035813 167.928143
3.799997 0.182948 6.003377 167.993189
3.819997 0.180860 5.971122 168.057699
3.839997 0.179162 5.939048 168.121676
3.859997 0.177180 5.907227 168.185489
3.879997 0.175221 5.875569 168.248636
3.899997 0.173513 5.844136 168.311504
3.919997 0.171590 5.812920 168.373937
3.939997 0.169919 5.781887 168.436005
3.959997 0.168028 5.751096 168.497752
3.979997 0.166185 5.720467 168.558847
3.999997 0.164574 5.690051 168.619843
4.019997 0.162782 5.659835 168.680276
4.039997 0.161204 5.629786 168.740212
4.059997 0.159446 5.599973 168.799839
4.079997 0.157821 5.570328 168.859129
4.099997 0.156098 5.540919 168.917949
4.119997 0.154429 5.511677 168.976434
4.139997 0.152859 5.482631 169.034685
4.159997 0.151216 5.453760 169.092271
4.179996 0.149737 5.425112 169.149723
4.199996 0.148133 5.396629 169.206691
4.219996 0.146668 5.368335 169.263124
4.239996 0.145100 5.340211 169.319373
4.259996 0.143652 5.312302 169.375193
4.279996 0.142124 5.284577 169.430644
4.299996 0.140697 5.257013 169.485771
4.319996 0.139201 5.229655 169.540489
4.339996 0.137796 5.202455 169.594891
4.359996 0.136324 5.175444 169.648914
4.379996 0.134948 5.148616 169.702570
4.399996 0.133574 5.121979 169.755845
4.419996 0.132224 5.095487 169.808831
4.439996 0.130930 5.069207 169.861391
4.459996 0.129621 5.043076 169.913654
4.479996 0.128315 5.017104 169.965599
4.499996 0.126967 4.991351 170.017251
4.519996 0.125666 4.965735 170.068339
4.539996 0.124348 4.940268 170.119416
4.559996 0.123075 4.914998 170.169957
4.579996 0.121913 4.889909 170.220136
4.599996 0.120724 4.864940 170.269840
4.619996 0.119446 4.840207 170.319539
4.639996 0.118230 4.815565 170.368593
4.659996 0.116998 4.791108 170.417508
4.679996 0.115911 4.766867 170.466220
4.699996 0.114760 4.742729 170.514497
4.719996 0.113564 4.718752 170.562450
4.739996 0.112387 4.694967 170.610020
4.759996 0.111331 4.671289 170.657154
4.779996 0.110244 4.647802 170.704352
4.799996 0.109112 4.624477 170.751002
4.819996 0.107975 4.601283 170.797390
4.839996 0.107033 4.578248 170.843241
4.859996 0.105891 4.555365 170.889008
4.879996 0.104823 4.532689 170.934578
4.899996 0.103868 4.510081 170.979794
4.919996 0.102803 4.487664 171.024628
4.939996 0.101772 4.465359 171.069024
4.959996 0.100834 4.443262 171.113434
4.979996 0.099797 4.421241 171.157264
4.999996 0.098797 4.399410 171.200927
5.019996 0.097923 4.377714 171.244319
5.039996 0.096885 4.356201 171.287556
5.059996 0.095906 4.334752 171.330246
5.079996 0.095058 4.313477 171.372797
5.099996 0.094127 4.292338 171.415077
5.119996 0.093214 4.271372 171.457216
5.139996 0.092285 4.250523 171.498914
5.159996 0.091331 4.229803 171.540354
5.179996 0.090544 4.209231 171.581497
5.199996 0.089653 4.188760 171.622240
5.219995 0.088839 4.168462 171.663036
5.239995 0.087949 4.148266 171.703229
5.259995 0.087090 4.128243 171.743474
5.279995 0.086261 4.108294 171.783175
5.299995 0.085390 4.088520 171.822724
5.319995 0.084638 4.068853 171.862059
5.339995 0.083733 4.049361 171.901238
5.359995 0.083037 4.029925 171.939918
5.379995 0.082164 4.010678 171.978606
5.399995 0.081480 3.991525 172.016912
5.419995 0.080626 3.972495 172.054782
5.439995 0.079950 3.953630 172.092703
5.459995 0.079114 3.934811 172.130151
5.479995 0.078449 3.916165 172.167443
5.499995 0.077626 3.897660 172.204642
5.519995 0.076973 3.879235 172.241493
5.539995 0.076179 3.860947 172.278069
5.559995 0.075535 3.842750 172.314278
5.579995 0.074817 3.824693 172.350394
5.599995 0.074105 3.806765 172.386433
5.619995 0.073429 3.788928 172.421926
5.639995 0.072748 3.771247 172.457469
5.659995 0.072129 3.753621 172.492541
5.679995 0.071418 3.736147 172.527490
5.699995 0.070779 3.718806 172.562352
5.719995 0.070060 3.701510 172.596767
5.739995 0.069464 3.684396 172.631172
5.759995 0.068797 3.667335 172.665119
5.779995 0.068183 3.650428 172.699109
5.799995 0.067606 3.633610 172.732746
5.819995 0.066939 3.616891 172.766010
5.839995 0.066345 3.600294 172.799377
5.859995 0.065720 3.583781 172.832232
5.879995 0.065125 3.567421 172.865124
5.899995 0.064579 3.551135 172.897695
5.919995 0.063963 3.534939 172.930088
5.939995 0.063386 3.518842 172.962113
5.959995 0.062784 3.502861 172.993975
5.979995 0.062276 3.487008 173.025851
5.999995 0.061703 3.471245 173.057378
6.019995 0.061113 3.455500 173.088702
6.039995 0.060585 3.439954 173.119795
6.059995 0.060069 3.424448 173.150808
6.079995 0.059515 3.409068 173.181570
6.099995 0.058940 3.393826 173.212217
6.119995 0.058486 3.378645 173.242579
6.139995 0.057934 3.363533 173.272805
6.159995 0.057366 3.348487 173.302737
6.179995 0.056949 3.333602 173.332509
6.199995 0.056406 3.318788 173.362136
6.219995 0.055871 3.304061 173.391592
