1.950000 0.041373 0.004626 108.059188
2.050000 0.043959 0.004713 109.506574
2.150000 0.048977 0.004922 110.961229
2.250000 0.043282 0.004588 112.419238
2.350000 0.051392 0.004968 113.874590
2.450000 0.050000 0.004879 115.321673
2.550000 0.048273 0.004780 116.756816
2.650000 0.055137 0.005097 118.178028
2.750000 0.065357 0.005544 119.583589
2.850000 0.049363 0.004817 120.971543
2.950000 0.064071 0.005494 122.339798
3.050000 0.064334 0.005517 123.686574
3.150000 0.063290 0.005488 125.010376
3.250000 0.051308 0.004960 126.310010
3.350000 0.067753 0.005726 127.584501
3.450000 0.068481 0.005788 128.833111
3.550000 0.060895 0.005491 130.055243
3.650000 0.062721 0.005610 131.250378
3.750000 0.059072 0.005485 132.418080
3.850000 0.052779 0.005226 133.558053
3.950000 0.058951 0.005570 134.670140
4.050000 0.052528 0.005306 135.754305
4.150000 0.048069 0.005124 136.810644
4.250000 0.051262 0.005344 137.839414
4.350000 0.050619 0.005366 138.840883
4.450000 0.038928 0.004756 139.815431
4.550000 0.039195 0.004825 140.763484
4.650000 0.033405 0.004504 141.685454
4.750000 0.039778 0.004972 142.581824
4.850000 0.044542 0.005324 143.453108
4.950000 0.054745 0.005973 144.299803
