0.687500 0.051314 0.010263 171.547066
0.812500 0.029263 0.004315 158.168054
0.937500 0.027324 0.004029 156.958564
1.062500 0.025541 0.003895 157.590925
1.187500 0.017299 0.003212 158.228037
1.312500 0.020469 0.003510 158.868915
1.437500 0.022007 0.003668 159.513557
1.562500 0.032429 0.004497 160.155972
1.687500 0.027343 0.004170 160.784877
1.812500 0.041866 0.005233 161.412886
1.937500 0.051861 0.005910 162.021876
2.062500 0.065721 0.006779 162.635812
2.187500 0.080109 0.007604 163.226073
2.312500 0.090612 0.008237 163.803394
2.437500 0.099156 0.008799 164.365193
2.562500 0.102998 0.009176 164.911918
2.687500 0.091958 0.008849 165.434486
2.812500 0.114089 0.010084 165.943823
2.937500 0.112401 0.010218 166.429644
3.062500 0.108740 0.010321 166.908555
3.187500 0.099372 0.010090 167.360691
3.312500 0.099374 0.010360 167.801977
3.437500 0.120312 0.011686 168.223284
3.562500 0.108435 0.011367 168.627274
3.687500 0.096387 0.013063 169.014372
3.812500 0.091650 0.013165 169.387355
3.937500 0.094203 0.013626 169.743582
4.062500 0.091236 0.013757 170.080140
4.187500 0.090291 0.014050 170.408126
4.312500 0.081295 0.013914 170.723463
4.437500 0.075937 0.013957 171.025617
4.562500 0.086250 0.014879 171.310826
4.687500 0.074353 0.014523 171.588290
4.812500 0.062927 0.014138 171.854781
4.937500 0.067304 0.014739 172.105143
