   6.8695e-01   6.8695e-01   1.7082e+02   6.8046e-02   1.2999e+01   6.4601e-02   1.1996e-02   1.2341e+01   2.2916e+00
   8.0819e-01   8.0819e-01   1.5634e+02   5.5401e-02   8.0250e+00   2.8604e-02   3.7885e-03   4.1433e+00   5.4878e-01
   9.3191e-01   9.3191e-01   1.5488e+02   4.5738e-02   5.3476e+00   3.0675e-02   3.7196e-03   3.5865e+00   4.3489e-01
   1.0565e+00   1.0565e+00   1.5551e+02   2.8691e-02   2.8348e+00   3.1827e-02   3.7507e-03   3.1447e+00   3.7059e-01
   1.1811e+00   1.1811e+00   1.5615e+02   2.2588e-02   1.9508e+00   2.9164e-02   3.5623e-03   2.5186e+00   3.0765e-01
   1.3058e+00   1.3058e+00   1.5680e+02   2.0076e-02   1.5536e+00   3.7037e-02   3.9934e-03   2.8662e+00   3.0904e-01
   1.4306e+00   1.4306e+00   1.5746e+02   2.1109e-02   1.4917e+00   4.2385e-02   4.2602e-03   2.9953e+00   3.0107e-01
   1.5554e+00   1.5554e+00   1.5812e+02   2.6664e-02   1.7462e+00   5.5157e-02   4.8565e-03   3.6123e+00   3.1805e-01
   1.6803e+00   1.6803e+00   1.5877e+02   3.8083e-02   2.3384e+00   5.7029e-02   4.9450e-03   3.5018e+00   3.0364e-01
   1.8052e+00   1.8052e+00   1.5943e+02   5.5462e-02   3.2232e+00   5.5374e-02   4.8943e-03   3.2181e+00   2.8444e-01
   1.9302e+00   1.9302e+00   1.6007e+02   7.5315e-02   4.1746e+00   6.4962e-02   5.3397e-03   3.6007e+00   2.9597e-01
   2.0552e+00   2.0552e+00   1.6071e+02   9.1662e-02   4.8768e+00   8.1812e-02   6.0319e-03   4.3528e+00   3.2092e-01
   2.1803e+00   2.1803e+00   1.6134e+02   1.0118e-01   5.1950e+00   8.8063e-02   6.3060e-03   4.5214e+00   3.2376e-01
   2.3054e+00   2.3054e+00   1.6195e+02   1.0481e-01   5.2163e+00   9.5480e-02   6.6369e-03   4.7520e+00   3.3032e-01
   2.4305e+00   2.4305e+00   1.6255e+02   1.0491e-01   5.0806e+00   1.0889e-01   7.1802e-03   5.2738e+00   3.4775e-01
   2.5556e+00   2.5556e+00   1.6314e+02   1.0326e-01   4.8827e+00   9.1609e-02   6.6819e-03   4.3316e+00   3.1594e-01
   2.6807e+00   2.6807e+00   1.6371e+02   1.0087e-01   4.6700e+00   1.0392e-01   7.2229e-03   4.8112e+00   3.3439e-01
   2.8059e+00   2.8059e+00   1.6426e+02   9.8211e-02   4.4628e+00   9.9005e-02   7.1637e-03   4.4989e+00   3.2553e-01
   2.9311e+00   2.9311e+00   1.6479e+02   9.5509e-02   4.2692e+00   1.0878e-01   7.6344e-03   4.8622e+00   3.4125e-01
   3.0562e+00   3.0562e+00   1.6531e+02   9.2876e-02   4.0915e+00   1.0655e-01   7.6895e-03   4.6937e+00   3.3875e-01
   3.1814e+00   3.1814e+00   1.6581e+02   9.0370e-02   3.9301e+00   9.0925e-02   7.2338e-03   3.9543e+00   3.1460e-01
   3.3066e+00   3.3066e+00   1.6629e+02   8.8017e-02   3.7845e+00   8.3040e-02   7.0435e-03   3.5705e+00   3.0285e-01
   3.4318e+00   3.4318e+00   1.6675e+02   8.5830e-02   3.6535e+00   1.0425e-01   8.0433e-03   4.4377e+00   3.4238e-01
   3.5569e+00   3.5569e+00   1.6719e+02   8.3811e-02   3.5360e+00   8.8383e-02   7.5509e-03   3.7289e+00   3.1858e-01
   3.6821e+00   3.6821e+00   1.6762e+02   8.1958e-02   3.4309e+00   9.8663e-02   8.1382e-03   4.1302e+00   3.4068e-01
   3.8073e+00   3.8073e+00   1.6803e+02   8.0263e-02   3.3370e+00   1.0554e-01   8.5884e-03   4.3878e+00   3.5707e-01
   3.9325e+00   3.9325e+00   1.6843e+02   7.8717e-02   3.2531e+00   9.5266e-02   8.3240e-03   3.9370e+00   3.4400e-01
   4.0577e+00   4.0577e+00   1.6881e+02   7.7311e-02   3.1783e+00   9.3231e-02   8.4069e-03   3.8328e+00   3.4562e-01
   4.1828e+00   4.1828e+00   1.6917e+02   7.6033e-02   3.1117e+00   9.2437e-02   8.5454e-03   3.7830e+00   3.4972e-01
   4.3080e+00   4.3080e+00   1.6952e+02   7.4874e-02   3.0523e+00   8.9770e-02   8.5981e-03   3.6596e+00   3.5051e-01
   4.4332e+00   4.4332e+00   1.6985e+02   7.3823e-02   2.9995e+00   8.5822e-02   8.5817e-03   3.4871e+00   3.4869e-01
   4.5583e+00   4.5583e+00   1.7018e+02   7.2870e-02   2.9526e+00   8.2352e-02   8.5859e-03   3.3367e+00   3.4789e-01
   4.6835e+00   4.6835e+00   1.7048e+02   7.2008e-02   2.9109e+00   7.0857e-02   8.1284e-03   2.8644e+00   3.2859e-01
   4.8086e+00   4.8086e+00   1.7078e+02   7.1227e-02   2.8740e+00   6.8094e-02   8.1386e-03   2.7476e+00   3.2839e-01
   4.9338e+00   4.9338e+00   1.7106e+02   7.0521e-02   2.8414e+00   5.9804e-02   7.7857e-03   2.4096e+00   3.1369e-01