   6.8695e-01   6.8695e-01   1.7082e+02   7.0040e-02   1.3380e+01   6.4601e-02   1.1996e-02   1.2341e+01   2.2916e+00
   8.0819e-01   8.0819e-01   1.5634e+02   5.8277e-02   8.4416e+00   2.8604e-02   3.7885e-03   4.1433e+00   5.4878e-01
   9.3191e-01   9.3191e-01   1.5488e+02   4.9567e-02   5.7953e+00   3.0675e-02   3.7196e-03   3.5865e+00   4.3489e-01
   1.0565e+00   1.0565e+00   1.5551e+02   3.3473e-02   3.3073e+00   3.1827e-02   3.7507e-03   3.1447e+00   3.7059e-01
   1.1811e+00   1.1811e+00   1.5615e+02   2.8265e-02   2.4410e+00   2.9164e-02   3.5623e-03   2.5186e+00   3.0765e-01
   1.3058e+00   1.3058e+00   1.5680e+02   2.6527e-02   2.0529e+00   3.7037e-02   3.9934e-03   2.8662e+00   3.0904e-01
   1.4306e+00   1.4306e+00   1.5746e+02   2.8071e-02   1.9838e+00   4.2385e-02   4.2602e-03   2.9953e+00   3.0107e-01
   1.5554e+00   1.5554e+00   1.5812e+02   3.3521e-02   2.1953e+00   5.5157e-02   4.8565e-03   3.6123e+00   3.1805e-01
   1.6803e+00   1.6803e+00   1.5877e+02   4.3482e-02   2.6699e+00   5.7029e-02   4.9450e-03   3.5018e+00   3.0364e-01
   1.8052e+00   1.8052e+00   1.5943e+02   5.7026e-02   3.3141e+00   5.5374e-02   4.8943e-03   3.2181e+00   2.8444e-01
   1.9302e+00   1.9302e+00   1.6007e+02   7.0305e-02   3.8969e+00   6.4962e-02   5.3397e-03   3.6007e+00   2.9597e-01
   2.0552e+00   2.0552e+00   1.6071e+02   7.8680e-02   4.1861e+00   8.1812e-02   6.0319e-03   4.3528e+00   3.2092e-01
   2.1803e+00   2.1803e+00   1.6134e+02   8.0963e-02   4.1568e+00   8.8063e-02   6.3060e-03   4.5214e+00   3.2376e-01
   2.3054e+00   2.3054e+00   1.6195e+02   7.9282e-02   3.9458e+00   9.5480e-02   6.6369e-03   4.7520e+00   3.3032e-01
   2.4305e+00   2.4305e+00   1.6255e+02   7.6077e-02   3.6845e+00   1.0889e-01   7.1802e-03   5.2738e+00   3.4775e-01
   2.5556e+00   2.5556e+00   1.6314e+02   7.2759e-02   3.4403e+00   9.1609e-02   6.6819e-03   4.3316e+00   3.1594e-01
   2.6807e+00   2.6807e+00   1.6371e+02   6.9886e-02   3.2355e+00   1.0392e-01   7.2229e-03   4.8112e+00   3.3439e-01
   2.8059e+00   2.8059e+00   1.6426e+02   6.7587e-02   3.0712e+00   9.9005e-02   7.1637e-03   4.4989e+00   3.2553e-01
   2.9311e+00   2.9311e+00   1.6479e+02   6.5817e-02   2.9420e+00   1.0878e-01   7.6344e-03   4.8622e+00   3.4125e-01
   3.0562e+00   3.0562e+00   1.6531e+02   6.4484e-02   2.8407e+00   1.0655e-01   7.6895e-03   4.6937e+00   3.3875e-01
   3.1814e+00   3.1814e+00   1.6581e+02   6.3487e-02   2.7610e+00   9.0925e-02   7.2338e-03   3.9543e+00   3.1460e-01
   3.3066e+00   3.3066e+00   1.6629e+02   6.2740e-02   2.6977e+00   8.3040e-02   7.0435e-03   3.5705e+00   3.0285e-01
   3.4318e+00   3.4318e+00   1.6675e+02   6.2173e-02   2.6465e+00   1.0425e-01   8.0433e-03   4.4377e+00   3.4238e-01
   3.5569e+00   3.5569e+00   1.6719e+02   6.1732e-02   2.6045e+00   8.8383e-02   7.5509e-03   3.7289e+00   3.1858e-01
   3.6821e+00   3.6821e+00   1.6762e+02   6.1381e-02   2.5695e+00   9.8663e-02   8.1382e-03   4.1302e+00   3.4068e-01
   3.8073e+00   3.8073e+00   1.6803e+02   6.1099e-02   2.5402e+00   1.0554e-01   8.5884e-03   4.3878e+00   3.5707e-01
   3.9325e+00   3.9325e+00   1.6843e+02   6.0891e-02   2.5164e+00   9.5266e-02   8.3240e-03   3.9370e+00   3.4400e-01
   4.0577e+00   4.0577e+00   1.6881e+02   6.0781e-02   2.4988e+00   9.3231e-02   8.4069e-03   3.8328e+00   3.4562e-01
   4.1828e+00   4.1828e+00   1.6917e+02   6.0831e-02   2.4895e+00   9.2437e-02   8.5454e-03   3.7830e+00   3.4972e-01
   4.3080e+00   4.3080e+00   1.6952e+02   6.1140e-02   2.4925e+00   8.9770e-02   8.5981e-03   3.6596e+00   3.5051e-01
   4.4332e+00   4.4332e+00   1.6985e+02   6.1866e-02   2.5137e+00   8.5822e-02   8.5817e-03   3.4871e+00   3.4869e-01
   4.5583e+00   4.5583e+00   1.7018e+02   6.3226e-02   2.5618e+00   8.2352e-02   8.5859e-03   3.3367e+00   3.4789e-01
   4.6835e+00   4.6835e+00   1.7048e+02   6.5503e-02   2.6480e+00   7.0857e-02   8.1284e-03   2.8644e+00   3.2859e-01
   4.8086e+00   4.8086e+00   1.7078e+02   6.9022e-02   2.7850e+00   6.8094e-02   8.1386e-03   2.7476e+00   3.2839e-01
   4.9338e+00   4.9338e+00   1.7106e+02   7.4087e-02   2.9851e+00   5.9804e-02   7.7857e-03   2.4096e+00   3.1369e-01