   1.0953e+00   1.0953e+00   1.0732e+02   5.3734e-02   5.0750e+00   7.3951e-02   1.7430e-02   6.9845e+00   1.6462e+00
   1.1873e+00   1.1873e+00   1.0520e+02   4.7206e-02   4.0525e+00   4.2280e-02   7.9902e-03   3.6297e+00   6.8594e-01
   1.2799e+00   1.2799e+00   1.0380e+02   4.2618e-02   3.3685e+00   3.2277e-02   5.5352e-03   2.5511e+00   4.3750e-01
   1.3726e+00   1.3726e+00   1.0270e+02   4.0100e-02   2.9499e+00   4.0278e-02   5.3347e-03   2.9630e+00   3.9244e-01
   1.4668e+00   1.4668e+00   1.0248e+02   3.9152e-02   2.7027e+00   2.1036e-02   3.5558e-03   1.4521e+00   2.4546e-01
   1.5642e+00   1.5642e+00   1.0377e+02   3.9942e-02   2.6030e+00   2.2636e-02   3.6250e-03   1.4752e+00   2.3624e-01
   1.6622e+00   1.6622e+00   1.0519e+02   4.3454e-02   2.6916e+00   3.1709e-02   4.2371e-03   1.9641e+00   2.6245e-01
   1.7605e+00   1.7605e+00   1.0662e+02   4.8867e-02   2.8937e+00   3.2803e-02   4.2707e-03   1.9424e+00   2.5289e-01
   1.8591e+00   1.8591e+00   1.0806e+02   5.4632e-02   3.1082e+00   4.3769e-02   4.8939e-03   2.4901e+00   2.7842e-01
   1.9580e+00   1.9580e+00   1.0951e+02   5.8962e-02   3.2368e+00   4.6806e-02   5.0183e-03   2.5695e+00   2.7549e-01
   2.0573e+00   2.0573e+00   1.1096e+02   6.0830e-02   3.2344e+00   5.2490e-02   5.2750e-03   2.7909e+00   2.8047e-01
   2.1568e+00   2.1568e+00   1.1242e+02   6.0488e-02   3.1252e+00   4.6689e-02   4.9491e-03   2.4123e+00   2.5571e-01
   2.2567e+00   2.2567e+00   1.1387e+02   5.8904e-02   2.9659e+00   5.5798e-02   5.3939e-03   2.8095e+00   2.7159e-01
   2.3567e+00   2.3567e+00   1.1532e+02   5.6990e-02   2.8036e+00   5.4636e-02   5.3314e-03   2.6878e+00   2.6227e-01
   2.4570e+00   2.4570e+00   1.1676e+02   5.5287e-02   2.6633e+00   5.3084e-02   5.2564e-03   2.5572e+00   2.5322e-01
   2.5575e+00   2.5575e+00   1.1818e+02   5.4017e-02   2.5533e+00   6.1012e-02   5.6401e-03   2.8839e+00   2.6660e-01
   2.6581e+00   2.6581e+00   1.1958e+02   5.3221e-02   2.4729e+00   7.2767e-02   6.1726e-03   3.3810e+00   2.8680e-01
   2.7589e+00   2.7589e+00   1.2097e+02   5.2859e-02   2.4182e+00   5.5292e-02   5.3956e-03   2.5295e+00   2.4683e-01
   2.8599e+00   2.8599e+00   1.2234e+02   5.2862e-02   2.3845e+00   7.2191e-02   6.1903e-03   3.2564e+00   2.7923e-01
   2.9610e+00   2.9610e+00   1.2369e+02   5.3158e-02   2.3675e+00   7.2906e-02   6.2521e-03   3.2470e+00   2.7845e-01
   3.0622e+00   3.0622e+00   1.2501e+02   5.3681e-02   2.3633e+00   7.2127e-02   6.2543e-03   3.1753e+00   2.7534e-01
   3.1635e+00   3.1635e+00   1.2631e+02   5.4372e-02   2.3687e+00   5.8792e-02   5.6835e-03   2.5613e+00   2.4760e-01
   3.2649e+00   3.2649e+00   1.2758e+02   5.5184e-02   2.3814e+00   7.8048e-02   6.5961e-03   3.3681e+00   2.8465e-01
   3.3664e+00   3.3664e+00   1.2883e+02   5.6073e-02   2.3991e+00   7.9293e-02   6.7019e-03   3.3925e+00   2.8673e-01
   3.4679e+00   3.4679e+00   1.3006e+02   5.7005e-02   2.4200e+00   7.0861e-02   6.3897e-03   3.0082e+00   2.7126e-01
   3.5695e+00   3.5695e+00   1.3125e+02   5.7946e-02   2.4427e+00   7.3337e-02   6.5596e-03   3.0916e+00   2.7652e-01
   3.6711e+00   3.6711e+00   1.3242e+02   5.8869e-02   2.4660e+00   6.9392e-02   6.4432e-03   2.9068e+00   2.6990e-01
   3.7728e+00   3.7728e+00   1.3356e+02   5.9748e-02   2.4886e+00   6.2277e-02   6.1665e-03   2.5939e+00   2.5684e-01
   3.8744e+00   3.8744e+00   1.3467e+02   6.0561e-02   2.5095e+00   6.9860e-02   6.6007e-03   2.8948e+00   2.7352e-01
   3.9761e+00   3.9761e+00   1.3575e+02   6.1287e-02   2.5280e+00   6.2506e-02   6.3139e-03   2.5782e+00   2.6044e-01
   4.0778e+00   4.0778e+00   1.3681e+02   6.1907e-02   2.5431e+00   5.7428e-02   6.1216e-03   2.3591e+00   2.5147e-01
   4.1795e+00   4.1795e+00   1.3784e+02   6.2407e-02   2.5543e+00   6.1476e-02   6.4088e-03   2.5162e+00   2.6231e-01
   4.2811e+00   4.2811e+00   1.3884e+02   6.2777e-02   2.5612e+00   6.0927e-02   6.4588e-03   2.4857e+00   2.6351e-01
   4.3828e+00   4.3828e+00   1.3982e+02   6.3013e-02   2.5635e+00   4.7020e-02   5.7446e-03   1.9129e+00   2.3371e-01
   4.4844e+00   4.4844e+00   1.4076e+02   6.3127e-02   2.5618e+00   4.7501e-02   5.8475e-03   1.9277e+00   2.3731e-01
   4.5860e+00   4.5860e+00   1.4169e+02   6.3155e-02   2.5575e+00   4.0614e-02   5.4761e-03   1.6447e+00   2.2176e-01
   4.6876e+00   4.6876e+00   1.4258e+02   6.3173e-02   2.5536e+00   4.8512e-02   6.0636e-03   1.9609e+00   2.4511e-01
   4.7892e+00   4.7892e+00   1.4345e+02   6.3332e-02   2.5561e+00   5.4481e-02   6.5120e-03   2.1989e+00   2.6283e-01
   4.8908e+00   4.8908e+00   1.4430e+02   6.3896e-02   2.5756e+00   6.7149e-02   7.3263e-03   2.7067e+00   2.9532e-01