   6.8695e-01   6.8695e-01   1.7082e+02   6.7839e-02   1.2960e+01   6.4601e-02   1.1996e-02   1.2341e+01   2.2916e+00
   8.0819e-01   8.0819e-01   1.5634e+02   5.4933e-02   7.9572e+00   2.8604e-02   3.7885e-03   4.1433e+00   5.4878e-01
   9.3191e-01   9.3191e-01   1.5488e+02   4.5000e-02   5.2613e+00   3.0675e-02   3.7196e-03   3.5865e+00   4.3489e-01
   1.0565e+00   1.0565e+00   1.5551e+02   2.7656e-02   2.7326e+00   3.1827e-02   3.7507e-03   3.1447e+00   3.7059e-01
   1.1811e+00   1.1811e+00   1.5615e+02   2.1234e-02   1.8338e+00   2.9164e-02   3.5623e-03   2.5186e+00   3.0765e-01
   1.3058e+00   1.3058e+00   1.5680e+02   1.8376e-02   1.4221e+00   3.7037e-02   3.9934e-03   2.8662e+00   3.0904e-01
   1.4306e+00   1.4306e+00   1.5746e+02   1.9042e-02   1.3457e+00   4.2385e-02   4.2602e-03   2.9953e+00   3.0107e-01
   1.5554e+00   1.5554e+00   1.5812e+02   2.4259e-02   1.5887e+00   5.5157e-02   4.8565e-03   3.6123e+00   3.1805e-01
   1.6803e+00   1.6803e+00   1.5877e+02   3.5551e-02   2.1830e+00   5.7029e-02   4.9450e-03   3.5018e+00   3.0364e-01
   1.8052e+00   1.8052e+00   1.5943e+02   5.3401e-02   3.1034e+00   5.5374e-02   4.8943e-03   3.2181e+00   2.8444e-01
   1.9302e+00   1.9302e+00   1.6007e+02   7.4729e-02   4.1421e+00   6.4962e-02   5.3397e-03   3.6007e+00   2.9597e-01
   2.0552e+00   2.0552e+00   1.6071e+02   9.3491e-02   4.9741e+00   8.1812e-02   6.0319e-03   4.3528e+00   3.2092e-01
   2.1803e+00   2.1803e+00   1.6134e+02   1.0579e-01   5.4315e+00   8.8063e-02   6.3060e-03   4.5214e+00   3.2376e-01
   2.3054e+00   2.3054e+00   1.6195e+02   1.1199e-01   5.5736e+00   9.5480e-02   6.6369e-03   4.7520e+00   3.3032e-01
   2.4305e+00   2.4305e+00   1.6255e+02   1.1419e-01   5.5303e+00   1.0889e-01   7.1802e-03   5.2738e+00   3.4775e-01
   2.5556e+00   2.5556e+00   1.6314e+02   1.1414e-01   5.3969e+00   9.1609e-02   6.6819e-03   4.3316e+00   3.1594e-01
   2.6807e+00   2.6807e+00   1.6371e+02   1.1285e-01   5.2246e+00   1.0392e-01   7.2229e-03   4.8112e+00   3.3439e-01
   2.8059e+00   2.8059e+00   1.6426e+02   1.1086e-01   5.0376e+00   9.9005e-02   7.1637e-03   4.4989e+00   3.2553e-01
   2.9311e+00   2.9311e+00   1.6479e+02   1.0843e-01   4.8470e+00   1.0878e-01   7.6344e-03   4.8622e+00   3.4125e-01
   3.0562e+00   3.0562e+00   1.6531e+02   1.0573e-01   4.6578e+00   1.0655e-01   7.6895e-03   4.6937e+00   3.3875e-01
   3.1814e+00   3.1814e+00   1.6581e+02   1.0283e-01   4.4721e+00   9.0925e-02   7.2338e-03   3.9543e+00   3.1460e-01
   3.3066e+00   3.3066e+00   1.6629e+02   9.9788e-02   4.2906e+00   8.3040e-02   7.0435e-03   3.5705e+00   3.0285e-01
   3.4318e+00   3.4318e+00   1.6675e+02   9.6629e-02   4.1132e+00   1.0425e-01   8.0433e-03   4.4377e+00   3.4238e-01
   3.5569e+00   3.5569e+00   1.6719e+02   9.3371e-02   3.9394e+00   8.8383e-02   7.5509e-03   3.7289e+00   3.1858e-01
   3.6821e+00   3.6821e+00   1.6762e+02   9.0021e-02   3.7684e+00   9.8663e-02   8.1382e-03   4.1302e+00   3.4068e-01
   3.8073e+00   3.8073e+00   1.6803e+02   8.6584e-02   3.5998e+00   1.0554e-01   8.5884e-03   4.3878e+00   3.5707e-01
   3.9325e+00   3.9325e+00   1.6843e+02   8.3072e-02   3.4331e+00   9.5266e-02   8.3240e-03   3.9370e+00   3.4400e-01
   4.0577e+00   4.0577e+00   1.6881e+02   7.9509e-02   3.2687e+00   9.3231e-02   8.4069e-03   3.8328e+00   3.4562e-01
   4.1828e+00   4.1828e+00   1.6917e+02   7.5942e-02   3.1079e+00   9.2437e-02   8.5454e-03   3.7830e+00   3.4972e-01
   4.3080e+00   4.3080e+00   1.6952e+02   7.2459e-02   2.9539e+00   8.9770e-02   8.5981e-03   3.6596e+00   3.5051e-01
   4.4332e+00   4.4332e+00   1.6985e+02   6.9204e-02   2.8119e+00   8.5822e-02   8.5817e-03   3.4871e+00   3.4869e-01
   4.5583e+00   4.5583e+00   1.7018e+02   6.6403e-02   2.6905e+00   8.2352e-02   8.5859e-03   3.3367e+00   3.4789e-01
   4.6835e+00   4.6835e+00   1.7048e+02   6.4378e-02   2.6025e+00   7.0857e-02   8.1284e-03   2.8644e+00   3.2859e-01
   4.8086e+00   4.8086e+00   1.7078e+02   6.3551e-02   2.5643e+00   6.8094e-02   8.1386e-03   2.7476e+00   3.2839e-01
   4.9338e+00   4.9338e+00   1.7106e+02   6.4397e-02   2.5946e+00   5.9804e-02   7.7857e-03   2.4096e+00   3.1369e-01


   1.0953e+00   1.0953e+00   1.0732e+02   5.8607e-02   5.5352e+00   7.3951e-02   1.7430e-02   6.9845e+00   1.6462e+00
   1.1873e+00   1.1873e+00   1.0520e+02   5.1099e-02   4.3868e+00   4.2280e-02   7.9902e-03   3.6297e+00   6.8594e-01
   1.2799e+00   1.2799e+00   1.0380e+02   4.4899e-02   3.5488e+00   3.2277e-02   5.5352e-03   2.5511e+00   4.3750e-01
   1.3726e+00   1.3726e+00   1.0270e+02   4.0407e-02   2.9725e+00   4.0278e-02   5.3347e-03   2.9630e+00   3.9244e-01
   1.4668e+00   1.4668e+00   1.0248e+02   3.7086e-02   2.5600e+00   2.1036e-02   3.5558e-03   1.4521e+00   2.4546e-01
   1.5642e+00   1.5642e+00   1.0377e+02   3.5076e-02   2.2860e+00   2.2636e-02   3.6250e-03   1.4752e+00   2.3624e-01
   1.6622e+00   1.6622e+00   1.0519e+02   3.6145e-02   2.2389e+00   3.1709e-02   4.2371e-03   1.9641e+00   2.6245e-01
   1.7605e+00   1.7605e+00   1.0662e+02   3.9944e-02   2.3653e+00   3.2803e-02   4.2707e-03   1.9424e+00   2.5289e-01
   1.8591e+00   1.8591e+00   1.0806e+02   4.5371e-02   2.5813e+00   4.3769e-02   4.8939e-03   2.4901e+00   2.7842e-01
   1.9580e+00   1.9580e+00   1.0951e+02   5.0833e-02   2.7906e+00   4.6806e-02   5.0183e-03   2.5695e+00   2.7549e-01
   2.0573e+00   2.0573e+00   1.1096e+02   5.5057e-02   2.9274e+00   5.2490e-02   5.2750e-03   2.7909e+00   2.8047e-01
   2.1568e+00   2.1568e+00   1.1242e+02   5.7736e-02   2.9831e+00   4.6689e-02   4.9491e-03   2.4123e+00   2.5571e-01
   2.2567e+00   2.2567e+00   1.1387e+02   5.9298e-02   2.9857e+00   5.5798e-02   5.3939e-03   2.8095e+00   2.7159e-01
   2.3567e+00   2.3567e+00   1.1532e+02   6.0303e-02   2.9665e+00   5.4636e-02   5.3314e-03   2.6878e+00   2.6227e-01
   2.4570e+00   2.4570e+00   1.1676e+02   6.1118e-02   2.9442e+00   5.3084e-02   5.2564e-03   2.5572e+00   2.5322e-01
   2.5575e+00   2.5575e+00   1.1818e+02   6.1900e-02   2.9259e+00   6.1012e-02   5.6401e-03   2.8839e+00   2.6660e-01
   2.6581e+00   2.6581e+00   1.1958e+02   6.2674e-02   2.9121e+00   7.2767e-02   6.1726e-03   3.3810e+00   2.8680e-01
   2.7589e+00   2.7589e+00   1.2097e+02   6.3416e-02   2.9011e+00   5.5292e-02   5.3956e-03   2.5295e+00   2.4683e-01
   2.8599e+00   2.8599e+00   1.2234e+02   6.4083e-02   2.8907e+00   7.2191e-02   6.1903e-03   3.2564e+00   2.7923e-01
   2.9610e+00   2.9610e+00   1.2369e+02   6.4643e-02   2.8790e+00   7.2906e-02   6.2521e-03   3.2470e+00   2.7845e-01
   3.0622e+00   3.0622e+00   1.2501e+02   6.5072e-02   2.8648e+00   7.2127e-02   6.2543e-03   3.1753e+00   2.7534e-01
   3.1635e+00   3.1635e+00   1.2631e+02   6.5356e-02   2.8472e+00   5.8792e-02   5.6835e-03   2.5613e+00   2.4760e-01
   3.2649e+00   3.2649e+00   1.2758e+02   6.5485e-02   2.8259e+00   7.8048e-02   6.5961e-03   3.3681e+00   2.8465e-01
   3.3664e+00   3.3664e+00   1.2883e+02   6.5455e-02   2.8005e+00   7.9293e-02   6.7019e-03   3.3925e+00   2.8673e-01
   3.4679e+00   3.4679e+00   1.3006e+02   6.5265e-02   2.7707e+00   7.0861e-02   6.3897e-03   3.0082e+00   2.7126e-01
   3.5695e+00   3.5695e+00   1.3125e+02   6.4912e-02   2.7364e+00   7.3337e-02   6.5596e-03   3.0916e+00   2.7652e-01
   3.6711e+00   3.6711e+00   1.3242e+02   6.4393e-02   2.6974e+00   6.9392e-02   6.4432e-03   2.9068e+00   2.6990e-01
   3.7728e+00   3.7728e+00   1.3356e+02   6.3707e-02   2.6534e+00   6.2277e-02   6.1665e-03   2.5939e+00   2.5684e-01
   3.8744e+00   3.8744e+00   1.3467e+02   6.2852e-02   2.6044e+00   6.9860e-02   6.6007e-03   2.8948e+00   2.7352e-01
   3.9761e+00   3.9761e+00   1.3575e+02   6.1832e-02   2.5504e+00   6.2506e-02   6.3139e-03   2.5782e+00   2.6044e-01
   4.0778e+00   4.0778e+00   1.3681e+02   6.0652e-02   2.4915e+00   5.7428e-02   6.1216e-03   2.3591e+00   2.5147e-01
   4.1795e+00   4.1795e+00   1.3784e+02   5.9327e-02   2.4283e+00   6.1476e-02   6.4088e-03   2.5162e+00   2.6231e-01
   4.2811e+00   4.2811e+00   1.3884e+02   5.7886e-02   2.3616e+00   6.0927e-02   6.4588e-03   2.4857e+00   2.6351e-01
   4.3828e+00   4.3828e+00   1.3982e+02   5.6374e-02   2.2934e+00   4.7020e-02   5.7446e-03   1.9129e+00   2.3371e-01
   4.4844e+00   4.4844e+00   1.4076e+02   5.4863e-02   2.2265e+00   4.7501e-02   5.8475e-03   1.9277e+00   2.3731e-01
   4.5860e+00   4.5860e+00   1.4169e+02   5.3458e-02   2.1648e+00   4.0614e-02   5.4761e-03   1.6447e+00   2.2176e-01
   4.6876e+00   4.6876e+00   1.4258e+02   5.2306e-02   2.1143e+00   4.8512e-02   6.0636e-03   1.9609e+00   2.4511e-01
   4.7892e+00   4.7892e+00   1.4345e+02   5.1597e-02   2.0825e+00   5.4481e-02   6.5120e-03   2.1989e+00   2.6283e-01
   4.8908e+00   4.8908e+00   1.4430e+02   5.1553e-02   2.0781e+00   6.7149e-02   7.3263e-03   2.7067e+00   2.9532e-01


