   6.8695e-01   6.8695e-01   1.7082e+02   6.8060e-02   1.3002e+01   6.4601e-02   1.1996e-02   1.2341e+01   2.2916e+00
   8.0819e-01   8.0819e-01   1.5634e+02   5.5589e-02   8.0522e+00   2.8604e-02   3.7885e-03   4.1433e+00   5.4878e-01
   9.3191e-01   9.3191e-01   1.5488e+02   4.3149e-02   5.0449e+00   3.0675e-02   3.7196e-03   3.5865e+00   4.3489e-01
   1.0565e+00   1.0565e+00   1.5551e+02   2.4963e-02   2.4665e+00   3.1827e-02   3.7507e-03   3.1447e+00   3.7059e-01
   1.1811e+00   1.1811e+00   1.5615e+02   1.7201e-02   1.4855e+00   2.9164e-02   3.5623e-03   2.5186e+00   3.0765e-01
   1.3058e+00   1.3058e+00   1.5680e+02   1.1809e-02   9.1383e-01   3.7037e-02   3.9934e-03   2.8662e+00   3.0904e-01
   1.4306e+00   1.4306e+00   1.5746e+02   8.0213e-03   5.6686e-01   4.2385e-02   4.2602e-03   2.9953e+00   3.0107e-01
   1.5554e+00   1.5554e+00   1.5812e+02   5.5490e-03   3.6341e-01   5.5157e-02   4.8565e-03   3.6123e+00   3.1805e-01
   1.6803e+00   1.6803e+00   1.5877e+02   4.2273e-03   2.5957e-01   5.7029e-02   4.9450e-03   3.5018e+00   3.0364e-01
   1.8052e+00   1.8052e+00   1.5943e+02   3.9212e-03   2.2788e-01   5.5374e-02   4.8943e-03   3.2181e+00   2.8444e-01
   1.9302e+00   1.9302e+00   1.6007e+02   4.4763e-03   2.4811e-01   6.4962e-02   5.3397e-03   3.6007e+00   2.9597e-01
   2.0552e+00   2.0552e+00   1.6071e+02   5.6992e-03   3.0322e-01   8.1812e-02   6.0319e-03   4.3528e+00   3.2092e-01
   2.1803e+00   2.1803e+00   1.6134e+02   7.3651e-03   3.7814e-01   8.8063e-02   6.3060e-03   4.5214e+00   3.2376e-01
   2.3054e+00   2.3054e+00   1.6195e+02   9.2438e-03   4.6006e-01   9.5480e-02   6.6369e-03   4.7520e+00   3.3032e-01
   2.4305e+00   2.4305e+00   1.6255e+02   1.1131e-02   5.3906e-01   1.0889e-01   7.1802e-03   5.2738e+00   3.4775e-01
   2.5556e+00   2.5556e+00   1.6314e+02   1.2869e-02   6.0851e-01   9.1609e-02   6.6819e-03   4.3316e+00   3.1594e-01
   2.6807e+00   2.6807e+00   1.6371e+02   1.4361e-02   6.6484e-01   1.0392e-01   7.2229e-03   4.8112e+00   3.3439e-01
   2.8059e+00   2.8059e+00   1.6426e+02   1.5558e-02   7.0699e-01   9.9005e-02   7.1637e-03   4.4989e+00   3.2553e-01
   2.9311e+00   2.9311e+00   1.6479e+02   1.6456e-02   7.3556e-01   1.0878e-01   7.6344e-03   4.8622e+00   3.4125e-01
   3.0562e+00   3.0562e+00   1.6531e+02   1.7073e-02   7.5210e-01   1.0655e-01   7.6895e-03   4.6937e+00   3.3875e-01
   3.1814e+00   3.1814e+00   1.6581e+02   1.7443e-02   7.5859e-01   9.0925e-02   7.2338e-03   3.9543e+00   3.1460e-01
   3.3066e+00   3.3066e+00   1.6629e+02   1.7607e-02   7.5704e-01   8.3040e-02   7.0435e-03   3.5705e+00   3.0285e-01
   3.4318e+00   3.4318e+00   1.6675e+02   1.7603e-02   7.4930e-01   1.0425e-01   8.0433e-03   4.4377e+00   3.4238e-01
   3.5569e+00   3.5569e+00   1.6719e+02   1.7468e-02   7.3698e-01   8.8383e-02   7.5509e-03   3.7289e+00   3.1858e-01
   3.6821e+00   3.6821e+00   1.6762e+02   1.7233e-02   7.2142e-01   9.8663e-02   8.1382e-03   4.1302e+00   3.4068e-01
   3.8073e+00   3.8073e+00   1.6803e+02   1.6926e-02   7.0371e-01   1.0554e-01   8.5884e-03   4.3878e+00   3.5707e-01
   3.9325e+00   3.9325e+00   1.6843e+02   1.6568e-02   6.8471e-01   9.5266e-02   8.3240e-03   3.9370e+00   3.4400e-01
   4.0577e+00   4.0577e+00   1.6881e+02   1.6178e-02   6.6511e-01   9.3231e-02   8.4069e-03   3.8328e+00   3.4562e-01
   4.1828e+00   4.1828e+00   1.6917e+02   1.5771e-02   6.4543e-01   9.2437e-02   8.5454e-03   3.7830e+00   3.4972e-01
   4.3080e+00   4.3080e+00   1.6952e+02   1.5358e-02   6.2608e-01   8.9770e-02   8.5981e-03   3.6596e+00   3.5051e-01
   4.4332e+00   4.4332e+00   1.6985e+02   1.4948e-02   6.0736e-01   8.5822e-02   8.5817e-03   3.4871e+00   3.4869e-01
   4.5583e+00   4.5583e+00   1.7018e+02   1.4549e-02   5.8952e-01   8.2352e-02   8.5859e-03   3.3367e+00   3.4789e-01
   4.6835e+00   4.6835e+00   1.7048e+02   1.4167e-02   5.7272e-01   7.0857e-02   8.1284e-03   2.8644e+00   3.2859e-01
   4.8086e+00   4.8086e+00   1.7078e+02   1.3807e-02   5.5709e-01   6.8094e-02   8.1386e-03   2.7476e+00   3.2839e-01
   4.9338e+00   4.9338e+00   1.7106e+02   1.3470e-02   5.4273e-01   5.9804e-02   7.7857e-03   2.4096e+00   3.1369e-01


   1.0953e+00   1.0953e+00   1.0732e+02   5.7397e-02   5.4209e+00   7.3951e-02   1.7430e-02   6.9845e+00   1.6462e+00
   1.1873e+00   1.1873e+00   1.0520e+02   4.8818e-02   4.1910e+00   4.2280e-02   7.9902e-03   3.6297e+00   6.8594e-01
   1.2799e+00   1.2799e+00   1.0380e+02   4.1074e-02   3.2464e+00   3.2277e-02   5.5352e-03   2.5511e+00   4.3750e-01
   1.3726e+00   1.3726e+00   1.0270e+02   3.4371e-02   2.5285e+00   4.0278e-02   5.3347e-03   2.9630e+00   3.9244e-01
   1.4668e+00   1.4668e+00   1.0248e+02   2.7837e-02   1.9216e+00   2.1036e-02   3.5558e-03   1.4521e+00   2.4546e-01
   1.5642e+00   1.5642e+00   1.0377e+02   2.1178e-02   1.3802e+00   2.2636e-02   3.6250e-03   1.4752e+00   2.3624e-01
   1.6622e+00   1.6622e+00   1.0519e+02   1.6104e-02   9.9751e-01   3.1709e-02   4.2371e-03   1.9641e+00   2.6245e-01
   1.7605e+00   1.7605e+00   1.0662e+02   1.2502e-02   7.4030e-01   3.2803e-02   4.2707e-03   1.9424e+00   2.5289e-01
   1.8591e+00   1.8591e+00   1.0806e+02   1.0168e-02   5.7851e-01   4.3769e-02   4.8939e-03   2.4901e+00   2.7842e-01
   1.9580e+00   1.9580e+00   1.0951e+02   8.9130e-03   4.8930e-01   4.6806e-02   5.0183e-03   2.5695e+00   2.7549e-01
   2.0573e+00   2.0573e+00   1.1096e+02   8.5476e-03   4.5448e-01   5.2490e-02   5.2750e-03   2.7909e+00   2.8047e-01
   2.1568e+00   2.1568e+00   1.1242e+02   8.8811e-03   4.5886e-01   4.6689e-02   4.9491e-03   2.4123e+00   2.5571e-01
   2.2567e+00   2.2567e+00   1.1387e+02   9.7232e-03   4.8958e-01   5.5798e-02   5.3939e-03   2.8095e+00   2.7159e-01
   2.3567e+00   2.3567e+00   1.1532e+02   1.0894e-02   5.3591e-01   5.4636e-02   5.3314e-03   2.6878e+00   2.6227e-01
   2.4570e+00   2.4570e+00   1.1676e+02   1.2234e-02   5.8934e-01   5.3084e-02   5.2564e-03   2.5572e+00   2.5322e-01
   2.5575e+00   2.5575e+00   1.1818e+02   1.3613e-02   6.4348e-01   6.1012e-02   5.6401e-03   2.8839e+00   2.6660e-01
   2.6581e+00   2.6581e+00   1.1958e+02   1.4935e-02   6.9395e-01   7.2767e-02   6.1726e-03   3.3810e+00   2.8680e-01
   2.7589e+00   2.7589e+00   1.2097e+02   1.6132e-02   7.3802e-01   5.5292e-02   5.3956e-03   2.5295e+00   2.4683e-01
   2.8599e+00   2.8599e+00   1.2234e+02   1.7165e-02   7.7430e-01   7.2191e-02   6.1903e-03   3.2564e+00   2.7923e-01
   2.9610e+00   2.9610e+00   1.2369e+02   1.8016e-02   8.0236e-01   7.2906e-02   6.2521e-03   3.2470e+00   2.7845e-01
   3.0622e+00   3.0622e+00   1.2501e+02   1.8681e-02   8.2243e-01   7.2127e-02   6.2543e-03   3.1753e+00   2.7534e-01
   3.1635e+00   3.1635e+00   1.2631e+02   1.9169e-02   8.3511e-01   5.8792e-02   5.6835e-03   2.5613e+00   2.4760e-01
   3.2649e+00   3.2649e+00   1.2758e+02   1.9494e-02   8.4123e-01   7.8048e-02   6.5961e-03   3.3681e+00   2.8465e-01
   3.3664e+00   3.3664e+00   1.2883e+02   1.9673e-02   8.4169e-01   7.9293e-02   6.7019e-03   3.3925e+00   2.8673e-01
   3.4679e+00   3.4679e+00   1.3006e+02   1.9725e-02   8.3738e-01   7.0861e-02   6.3897e-03   3.0082e+00   2.7126e-01
   3.5695e+00   3.5695e+00   1.3125e+02   1.9668e-02   8.2913e-01   7.3337e-02   6.5596e-03   3.0916e+00   2.7652e-01
   3.6711e+00   3.6711e+00   1.3242e+02   1.9521e-02   8.1771e-01   6.9392e-02   6.4432e-03   2.9068e+00   2.6990e-01
   3.7728e+00   3.7728e+00   1.3356e+02   1.9298e-02   8.0379e-01   6.2277e-02   6.1665e-03   2.5939e+00   2.5684e-01
   3.8744e+00   3.8744e+00   1.3467e+02   1.9015e-02   7.8794e-01   6.9860e-02   6.6007e-03   2.8948e+00   2.7352e-01
   3.9761e+00   3.9761e+00   1.3575e+02   1.8684e-02   7.7068e-01   6.2506e-02   6.3139e-03   2.5782e+00   2.6044e-01
   4.0778e+00   4.0778e+00   1.3681e+02   1.8317e-02   7.5243e-01   5.7428e-02   6.1216e-03   2.3591e+00   2.5147e-01
   4.1795e+00   4.1795e+00   1.3784e+02   1.7922e-02   7.3355e-01   6.1476e-02   6.4088e-03   2.5162e+00   2.6231e-01
   4.2811e+00   4.2811e+00   1.3884e+02   1.7509e-02   7.1434e-01   6.0927e-02   6.4588e-03   2.4857e+00   2.6351e-01
   4.3828e+00   4.3828e+00   1.3982e+02   1.7085e-02   6.9505e-01   4.7020e-02   5.7446e-03   1.9129e+00   2.3371e-01
   4.4844e+00   4.4844e+00   1.4076e+02   1.6655e-02   6.7591e-01   4.7501e-02   5.8475e-03   1.9277e+00   2.3731e-01
   4.5860e+00   4.5860e+00   1.4169e+02   1.6226e-02   6.5709e-01   4.0614e-02   5.4761e-03   1.6447e+00   2.2176e-01
   4.6876e+00   4.6876e+00   1.4258e+02   1.5801e-02   6.3873e-01   4.8512e-02   6.0636e-03   1.9609e+00   2.4511e-01
   4.7892e+00   4.7892e+00   1.4345e+02   1.5385e-02   6.2096e-01   5.4481e-02   6.5120e-03   2.1989e+00   2.6283e-01
   4.8908e+00   4.8908e+00   1.4430e+02   1.4981e-02   6.0388e-01   6.7149e-02   7.3263e-03   2.7067e+00   2.9532e-01


