   6.8695e-01   6.8695e-01   1.7082e+02   7.0000e-02   1.3373e+01   4.9680e-02   9.2246e-03   9.4907e+00   1.7623e+00
   8.0819e-01   8.0819e-01   1.5634e+02   5.8114e-02   8.4180e+00   2.2537e-02   2.9851e-03   3.2645e+00   4.3240e-01
   9.3191e-01   9.3191e-01   1.5488e+02   4.9704e-02   5.8114e+00   2.4254e-02   2.9405e-03   2.8358e+00   3.4381e-01
   1.0565e+00   1.0565e+00   1.5551e+02   3.3751e-02   3.3347e+00   2.5126e-02   2.9615e-03   2.4826e+00   2.9261e-01
   1.1811e+00   1.1811e+00   1.5615e+02   2.8788e-02   2.4861e+00   2.2988e-02   2.8075e-03   1.9853e+00   2.4246e-01
   1.3058e+00   1.3058e+00   1.5680e+02   2.7472e-02   2.1260e+00   2.9149e-02   3.1434e-03   2.2558e+00   2.4326e-01
   1.4306e+00   1.4306e+00   1.5746e+02   2.9635e-02   2.0943e+00   3.3309e-02   3.3479e-03   2.3540e+00   2.3659e-01
   1.5554e+00   1.5554e+00   1.5812e+02   3.5897e-02   2.3509e+00   4.3283e-02   3.8115e-03   2.8346e+00   2.4962e-01
   1.6803e+00   1.6803e+00   1.5877e+02   4.6771e-02   2.8719e+00   4.4689e-02   3.8756e-03   2.7441e+00   2.3798e-01
   1.8052e+00   1.8052e+00   1.5943e+02   6.1097e-02   3.5507e+00   4.3332e-02   3.8299e-03   2.5183e+00   2.2257e-01
   1.9302e+00   1.9302e+00   1.6007e+02   7.4746e-02   4.1431e+00   5.0767e-02   4.1727e-03   2.8140e+00   2.3129e-01
   2.0552e+00   2.0552e+00   1.6071e+02   8.3047e-02   4.4184e+00   6.3856e-02   4.7084e-03   3.3974e+00   2.5051e-01
   2.1803e+00   2.1803e+00   1.6134e+02   8.5118e-02   4.3701e+00   6.8652e-02   4.9155e-03   3.5247e+00   2.5237e-01
   2.3054e+00   2.3054e+00   1.6195e+02   8.3452e-02   4.1534e+00   7.4348e-02   5.1677e-03   3.7003e+00   2.5720e-01
   2.4305e+00   2.4305e+00   1.6255e+02   8.0733e-02   3.9100e+00   8.4701e-02   5.5848e-03   4.1021e+00   2.7048e-01
   2.5556e+00   2.5556e+00   1.6314e+02   7.8458e-02   3.7098e+00   7.1183e-02   5.1916e-03   3.3658e+00   2.4548e-01
   2.6807e+00   2.6807e+00   1.6371e+02   7.7080e-02   3.5685e+00   8.0673e-02   5.6075e-03   3.7349e+00   2.5961e-01
   2.8059e+00   2.8059e+00   1.6426e+02   7.6494e-02   3.4760e+00   7.6786e-02   5.5559e-03   3.4892e+00   2.5247e-01
   2.9311e+00   2.9311e+00   1.6479e+02   7.6474e-02   3.4183e+00   8.4292e-02   5.9155e-03   3.7678e+00   2.6442e-01
   3.0562e+00   3.0562e+00   1.6531e+02   7.6868e-02   3.3863e+00   8.2499e-02   5.9538e-03   3.6343e+00   2.6228e-01
   3.1814e+00   3.1814e+00   1.6581e+02   7.7593e-02   3.3745e+00   7.0351e-02   5.5976e-03   3.0595e+00   2.4344e-01
   3.3066e+00   3.3066e+00   1.6629e+02   7.8594e-02   3.3793e+00   6.4205e-02   5.4463e-03   2.7606e+00   2.3417e-01
   3.4318e+00   3.4318e+00   1.6675e+02   7.9824e-02   3.3978e+00   8.0555e-02   6.2146e-03   3.4290e+00   2.6454e-01
   3.5569e+00   3.5569e+00   1.6719e+02   8.1239e-02   3.4275e+00   6.8252e-02   5.8312e-03   2.8796e+00   2.4602e-01
   3.6821e+00   3.6821e+00   1.6762e+02   8.2801e-02   3.4662e+00   7.6148e-02   6.2815e-03   3.1877e+00   2.6295e-01
   3.8073e+00   3.8073e+00   1.6803e+02   8.4473e-02   3.5120e+00   8.1412e-02   6.6244e-03   3.3848e+00   2.7541e-01
   3.9325e+00   3.9325e+00   1.6843e+02   8.6226e-02   3.5634e+00   7.3452e-02   6.4175e-03   3.0355e+00   2.6521e-01
   4.0577e+00   4.0577e+00   1.6881e+02   8.8033e-02   3.6191e+00   7.1851e-02   6.4787e-03   2.9539e+00   2.6635e-01
   4.1828e+00   4.1828e+00   1.6917e+02   8.9871e-02   3.6780e+00   7.1209e-02   6.5827e-03   2.9142e+00   2.6940e-01
   4.3080e+00   4.3080e+00   1.6952e+02   9.1722e-02   3.7392e+00   6.9128e-02   6.6216e-03   2.8181e+00   2.6994e-01
   4.4332e+00   4.4332e+00   1.6985e+02   9.3571e-02   3.8019e+00   6.6065e-02   6.6058e-03   2.6843e+00   2.6840e-01
   4.5583e+00   4.5583e+00   1.7018e+02   9.5402e-02   3.8655e+00   6.3371e-02   6.6067e-03   2.5677e+00   2.6769e-01
   4.6835e+00   4.6835e+00   1.7048e+02   9.7205e-02   3.9295e+00   5.4510e-02   6.2526e-03   2.2036e+00   2.5276e-01
   4.8086e+00   4.8086e+00   1.7078e+02   9.8970e-02   3.9934e+00   5.2368e-02   6.2596e-03   2.1130e+00   2.5258e-01
   4.9338e+00   4.9338e+00   1.7106e+02   1.0069e-01   4.0569e+00   4.5980e-02   5.9856e-03   1.8526e+00   2.4117e-01


   1.0953e+00   1.0953e+00   1.0732e+02   6.6719e-02   6.3014e+00   7.3951e-02   1.7430e-02   6.9845e+00   1.6462e+00
   1.1873e+00   1.1873e+00   1.0520e+02   6.0695e-02   5.2106e+00   4.2280e-02   7.9902e-03   3.6297e+00   6.8594e-01
   1.2799e+00   1.2799e+00   1.0380e+02   5.5878e-02   4.4165e+00   3.2277e-02   5.5352e-03   2.5511e+00   4.3750e-01
   1.3726e+00   1.3726e+00   1.0270e+02   5.2612e-02   3.8703e+00   4.0278e-02   5.3347e-03   2.9630e+00   3.9244e-01
   1.4668e+00   1.4668e+00   1.0248e+02   5.0154e-02   3.4622e+00   2.1036e-02   3.5558e-03   1.4521e+00   2.4546e-01
   1.5642e+00   1.5642e+00   1.0377e+02   4.8360e-02   3.1517e+00   2.2636e-02   3.6250e-03   1.4752e+00   2.3624e-01
   1.6622e+00   1.6622e+00   1.0519e+02   4.9037e-02   3.0374e+00   3.1709e-02   4.2371e-03   1.9641e+00   2.6245e-01
   1.7605e+00   1.7605e+00   1.0662e+02   5.1608e-02   3.0560e+00   3.2803e-02   4.2707e-03   1.9424e+00   2.5289e-01
   1.8591e+00   1.8591e+00   1.0806e+02   5.4698e-02   3.1119e+00   4.3769e-02   4.8939e-03   2.4901e+00   2.7842e-01
   1.9580e+00   1.9580e+00   1.0951e+02   5.6609e-02   3.1077e+00   4.6806e-02   5.0183e-03   2.5695e+00   2.7549e-01
   2.0573e+00   2.0573e+00   1.1096e+02   5.6302e-02   2.9936e+00   5.2490e-02   5.2750e-03   2.7909e+00   2.8047e-01
   2.1568e+00   2.1568e+00   1.1242e+02   5.3959e-02   2.7879e+00   4.6689e-02   4.9491e-03   2.4123e+00   2.5571e-01
   2.2567e+00   2.2567e+00   1.1387e+02   5.0503e-02   2.5429e+00   5.5798e-02   5.3939e-03   2.8095e+00   2.7159e-01
   2.3567e+00   2.3567e+00   1.1532e+02   4.6848e-02   2.3046e+00   5.4636e-02   5.3314e-03   2.6878e+00   2.6227e-01
   2.4570e+00   2.4570e+00   1.1676e+02   4.3575e-02   2.0991e+00   5.3084e-02   5.2564e-03   2.5572e+00   2.5322e-01
   2.5575e+00   2.5575e+00   1.1818e+02   4.0963e-02   1.9362e+00   6.1012e-02   5.6401e-03   2.8839e+00   2.6660e-01
   2.6581e+00   2.6581e+00   1.1958e+02   3.9088e-02   1.8162e+00   7.2767e-02   6.1726e-03   3.3810e+00   2.8680e-01
   2.7589e+00   2.7589e+00   1.2097e+02   3.7906e-02   1.7341e+00   5.5292e-02   5.3956e-03   2.5295e+00   2.4683e-01
   2.8599e+00   2.8599e+00   1.2234e+02   3.7319e-02   1.6834e+00   7.2191e-02   6.1903e-03   3.2564e+00   2.7923e-01
   2.9610e+00   2.9610e+00   1.2369e+02   3.7224e-02   1.6578e+00   7.2906e-02   6.2521e-03   3.2470e+00   2.7845e-01
   3.0622e+00   3.0622e+00   1.2501e+02   3.7531e-02   1.6523e+00   7.2127e-02   6.2543e-03   3.1753e+00   2.7534e-01
   3.1635e+00   3.1635e+00   1.2631e+02   3.8175e-02   1.6631e+00   5.8792e-02   5.6835e-03   2.5613e+00   2.4760e-01
   3.2649e+00   3.2649e+00   1.2758e+02   3.9102e-02   1.6874e+00   7.8048e-02   6.5961e-03   3.3681e+00   2.8465e-01
   3.3664e+00   3.3664e+00   1.2883e+02   4.0273e-02   1.7230e+00   7.9293e-02   6.7019e-03   3.3925e+00   2.8673e-01
   3.4679e+00   3.4679e+00   1.3006e+02   4.1650e-02   1.7682e+00   7.0861e-02   6.3897e-03   3.0082e+00   2.7126e-01
   3.5695e+00   3.5695e+00   1.3125e+02   4.3205e-02   1.8213e+00   7.3337e-02   6.5596e-03   3.0916e+00   2.7652e-01
   3.6711e+00   3.6711e+00   1.3242e+02   4.4910e-02   1.8812e+00   6.9392e-02   6.4432e-03   2.9068e+00   2.6990e-01
   3.7728e+00   3.7728e+00   1.3356e+02   4.6741e-02   1.9468e+00   6.2277e-02   6.1665e-03   2.5939e+00   2.5684e-01
   3.8744e+00   3.8744e+00   1.3467e+02   4.8678e-02   2.0171e+00   6.9860e-02   6.6007e-03   2.8948e+00   2.7352e-01
   3.9761e+00   3.9761e+00   1.3575e+02   5.0700e-02   2.0913e+00   6.2506e-02   6.3139e-03   2.5782e+00   2.6044e-01
   4.0778e+00   4.0778e+00   1.3681e+02   5.2790e-02   2.1686e+00   5.7428e-02   6.1216e-03   2.3591e+00   2.5147e-01
   4.1795e+00   4.1795e+00   1.3784e+02   5.4933e-02   2.2484e+00   6.1476e-02   6.4088e-03   2.5162e+00   2.6231e-01
   4.2811e+00   4.2811e+00   1.3884e+02   5.7114e-02   2.3302e+00   6.0927e-02   6.4588e-03   2.4857e+00   2.6351e-01
   4.3828e+00   4.3828e+00   1.3982e+02   5.9321e-02   2.4133e+00   4.7020e-02   5.7446e-03   1.9129e+00   2.3371e-01
   4.4844e+00   4.4844e+00   1.4076e+02   6.1541e-02   2.4975e+00   4.7501e-02   5.8475e-03   1.9277e+00   2.3731e-01
   4.5860e+00   4.5860e+00   1.4169e+02   6.3765e-02   2.5822e+00   4.0614e-02   5.4761e-03   1.6447e+00   2.2176e-01
   4.6876e+00   4.6876e+00   1.4258e+02   6.5982e-02   2.6672e+00   4.8512e-02   6.0636e-03   1.9609e+00   2.4511e-01
   4.7892e+00   4.7892e+00   1.4345e+02   6.8185e-02   2.7520e+00   5.4481e-02   6.5120e-03   2.1989e+00   2.6283e-01
   4.8908e+00   4.8908e+00   1.4430e+02   7.0365e-02   2.8364e+00   6.7149e-02   7.3263e-03   2.7067e+00   2.9532e-01


