0 473.819094
1 478.019348
2 476.584312
3 481.363112
4 479.635240
5 479.419421
6 474.951058
7 484.955517
8 490.346444
9 495.196156
10 496.452859
11 495.212605
12 492.330584
13 487.806304
14 493.633768
15 494.116239
16 476.320911
17 482.604031
18 488.298235
19 492.000387
20 500.514147
21 501.462774
22 499.539403
23 506.473492
24 528.737388
25 532.990215
26 538.088225
27 539.438877
28 544.169495
29 535.229567
30 546.631186
31 542.990854
32 544.638966
33 549.512785
34 549.321132
35 558.091150
36 566.310258
37 573.375287
38 580.504067
39 579.123510
40 599.366509
41 600.888600
42 603.581625
43 611.388701
44 617.813299
45 621.690037
46 641.067699
47 640.927674
48 645.207039
49 649.336614
50 662.348742
51 671.452994
52 684.236475
53 685.909068
54 697.105574
55 703.738862
56 727.434273
57 735.459307
58 751.892978
59 752.232115
60 765.217512
61 762.856140
62 779.429280
63 784.060693
64 784.753970
65 796.954924
66 825.220911
67 833.680104
68 854.422910
69 862.542943
70 878.009505
71 883.881233
72 928.333593
73 938.286454
74 952.203390
75 973.614896
76 1000.990883
77 1008.517639
78 1034.706891
79 1040.621723
80 1056.146821
81 1081.329546
82 1111.774633
83 1131.164322
84 1170.832398
85 1185.637816
86 1219.372887
87 1233.688808
88 1282.450396
89 1293.438639
90 1318.450666
91 1326.326959
92 1349.118133
93 1343.116833
94 1359.104333
95 1347.744188
96 1341.168381
97 1335.757870
98 1325.727176
99 1305.586751
100 1304.877173
101 1275.822738
102 1215.904984
103 1128.597339
104 1138.206934
105 1076.228601
106 1054.514871
107 883.234945
108 857.300770
109 608.935159
110 443.443219
111 306.858459
112 0.000000
113 0.000000
114 0.000000
115 0.000000
116 0.000000
117 0.000000
118 0.000000
119 0.000000
120 0.000000
121 0.000000
122 0.000000
123 0.000000
124 0.000000
125 0.000000
126 0.000000
127 0.000000
