   6.8695e-01   6.8695e-01   1.7082e+02   7.0251e-02   1.3421e+01   5.1314e-02   1.0264e-02   9.8030e+00   1.9607e+00
   8.0819e-01   8.0819e-01   1.5634e+02   5.8765e-02   8.5122e+00   2.9264e-02   4.3152e-03   4.2389e+00   6.2507e-01
   9.3191e-01   9.3191e-01   1.5488e+02   5.0367e-02   5.8888e+00   2.7324e-02   4.0295e-03   3.1947e+00   4.7112e-01
   1.0565e+00   1.0565e+00   1.5551e+02   3.4659e-02   3.4245e+00   2.5540e-02   3.8951e-03   2.5235e+00   3.8485e-01
   1.1811e+00   1.1811e+00   1.5615e+02   2.9937e-02   2.5854e+00   1.7299e-02   3.2122e-03   1.4940e+00   2.7741e-01
   1.3058e+00   1.3058e+00   1.5680e+02   2.8819e-02   2.2303e+00   2.0469e-02   3.5106e-03   1.5840e+00   2.7168e-01
   1.4306e+00   1.4306e+00   1.5746e+02   3.1144e-02   2.2009e+00   2.2007e-02   3.6685e-03   1.5553e+00   2.5925e-01
   1.5554e+00   1.5554e+00   1.5812e+02   3.7512e-02   2.4567e+00   3.2429e-02   4.4971e-03   2.1238e+00   2.9452e-01
   1.6803e+00   1.6803e+00   1.5877e+02   4.8359e-02   2.9694e+00   2.7343e-02   4.1704e-03   1.6789e+00   2.5608e-01
   1.8052e+00   1.8052e+00   1.5943e+02   6.2357e-02   3.6239e+00   4.1866e-02   5.2330e-03   2.4331e+00   3.0412e-01
   1.9302e+00   1.9302e+00   1.6007e+02   7.5218e-02   4.1692e+00   5.1861e-02   5.9104e-03   2.8746e+00   3.2761e-01
   2.0552e+00   2.0552e+00   1.6071e+02   8.2302e-02   4.3788e+00   6.5720e-02   6.7788e-03   3.4966e+00   3.6066e-01
   2.1803e+00   2.1803e+00   1.6134e+02   8.2924e-02   4.2575e+00   8.0109e-02   7.6041e-03   4.1130e+00   3.9041e-01
   2.3054e+00   2.3054e+00   1.6195e+02   7.9702e-02   3.9667e+00   9.0611e-02   8.2370e-03   4.5097e+00   4.0995e-01
   2.4305e+00   2.4305e+00   1.6255e+02   7.5273e-02   3.6455e+00   9.9156e-02   8.7989e-03   4.8022e+00   4.2614e-01
   2.5556e+00   2.5556e+00   1.6314e+02   7.1052e-02   3.3596e+00   1.0300e-01   9.1760e-03   4.8701e+00   4.3388e-01
   2.6807e+00   2.6807e+00   1.6371e+02   6.7543e-02   3.1270e+00   9.1958e-02   8.8486e-03   4.2573e+00   4.0966e-01
   2.8059e+00   2.8059e+00   1.6426e+02   6.4819e-02   2.9455e+00   1.1409e-01   1.0084e-02   5.1844e+00   4.5824e-01
   2.9311e+00   2.9311e+00   1.6479e+02   6.2797e-02   2.8070e+00   1.1240e-01   1.0218e-02   5.0242e+00   4.5673e-01
   3.0562e+00   3.0562e+00   1.6531e+02   6.1357e-02   2.7030e+00   1.0874e-01   1.0322e-02   4.7903e+00   4.5470e-01
   3.1814e+00   3.1814e+00   1.6581e+02   6.0383e-02   2.6260e+00   9.9372e-02   1.0090e-02   4.3217e+00   4.3882e-01
   3.3066e+00   3.3066e+00   1.6629e+02   5.9776e-02   2.5702e+00   9.9374e-02   1.0360e-02   4.2728e+00   4.4544e-01
   3.4318e+00   3.4318e+00   1.6675e+02   5.9459e-02   2.5310e+00   1.2031e-01   1.1686e-02   5.1213e+00   4.9745e-01
   3.5569e+00   3.5569e+00   1.6719e+02   5.9367e-02   2.5047e+00   1.0843e-01   1.1367e-02   4.5749e+00   4.7958e-01
   3.6821e+00   3.6821e+00   1.6762e+02   5.9450e-02   2.4887e+00   9.6387e-02   1.3063e-02   4.0349e+00   5.4684e-01
   3.8073e+00   3.8073e+00   1.6803e+02   5.9669e-02   2.4808e+00   9.1650e-02   1.3164e-02   3.8104e+00   5.4732e-01
   3.9325e+00   3.9325e+00   1.6843e+02   5.9990e-02   2.4792e+00   9.4202e-02   1.3626e-02   3.8931e+00   5.6312e-01
   4.0577e+00   4.0577e+00   1.6881e+02   6.0388e-02   2.4826e+00   9.1236e-02   1.3757e-02   3.7508e+00   5.6555e-01
   4.1828e+00   4.1828e+00   1.6917e+02   6.0843e-02   2.4900e+00   9.0291e-02   1.4049e-02   3.6952e+00   5.7497e-01
   4.3080e+00   4.3080e+00   1.6952e+02   6.1337e-02   2.5005e+00   8.1296e-02   1.3915e-02   3.3141e+00   5.6724e-01
   4.4332e+00   4.4332e+00   1.6985e+02   6.1857e-02   2.5133e+00   7.5938e-02   1.3957e-02   3.0854e+00   5.6710e-01
   4.5583e+00   4.5583e+00   1.7018e+02   6.2390e-02   2.5280e+00   8.6250e-02   1.4879e-02   3.4947e+00   6.0289e-01
   4.6835e+00   4.6835e+00   1.7048e+02   6.2928e-02   2.5439e+00   7.4353e-02   1.4523e-02   3.0057e+00   5.8708e-01
   4.8086e+00   4.8086e+00   1.7078e+02   6.3463e-02   2.5607e+00   6.2927e-02   1.4138e-02   2.5391e+00   5.7047e-01
   4.9338e+00   4.9338e+00   1.7106e+02   6.3988e-02   2.5781e+00   6.7305e-02   1.4739e-02   2.7118e+00   5.9385e-01


   1.0953e+00   1.0953e+00   1.0732e+02   6.7850e-02   6.4082e+00   7.3951e-02   1.7430e-02   6.9845e+00   1.6462e+00
   1.1873e+00   1.1873e+00   1.0520e+02   6.1822e-02   5.3073e+00   4.2280e-02   7.9902e-03   3.6297e+00   6.8594e-01
   1.2799e+00   1.2799e+00   1.0380e+02   5.6980e-02   4.5037e+00   3.2277e-02   5.5352e-03   2.5511e+00   4.3750e-01
   1.3726e+00   1.3726e+00   1.0270e+02   5.3664e-02   3.9477e+00   4.0278e-02   5.3347e-03   2.9630e+00   3.9244e-01
   1.4668e+00   1.4668e+00   1.0248e+02   5.1181e-02   3.5330e+00   2.1036e-02   3.5558e-03   1.4521e+00   2.4546e-01
   1.5642e+00   1.5642e+00   1.0377e+02   4.9454e-02   3.2230e+00   2.2636e-02   3.6250e-03   1.4752e+00   2.3624e-01
   1.6622e+00   1.6622e+00   1.0519e+02   5.0222e-02   3.1108e+00   3.1709e-02   4.2371e-03   1.9641e+00   2.6245e-01
   1.7605e+00   1.7605e+00   1.0662e+02   5.2932e-02   3.1344e+00   3.2803e-02   4.2707e-03   1.9424e+00   2.5289e-01
   1.8591e+00   1.8591e+00   1.0806e+02   5.6239e-02   3.1996e+00   4.3769e-02   4.8939e-03   2.4901e+00   2.7842e-01
   1.9580e+00   1.9580e+00   1.0951e+02   5.8438e-02   3.2081e+00   4.6806e-02   5.0183e-03   2.5695e+00   2.7549e-01
   2.0573e+00   2.0573e+00   1.1096e+02   5.8441e-02   3.1073e+00   5.2490e-02   5.2750e-03   2.7909e+00   2.8047e-01
   2.1568e+00   2.1568e+00   1.1242e+02   5.6362e-02   2.9121e+00   4.6689e-02   4.9491e-03   2.4123e+00   2.5571e-01
   2.2567e+00   2.2567e+00   1.1387e+02   5.3076e-02   2.6725e+00   5.5798e-02   5.3939e-03   2.8095e+00   2.7159e-01
   2.3567e+00   2.3567e+00   1.1532e+02   4.9466e-02   2.4335e+00   5.4636e-02   5.3314e-03   2.6878e+00   2.6227e-01
   2.4570e+00   2.4570e+00   1.1676e+02   4.6089e-02   2.2202e+00   5.3084e-02   5.2564e-03   2.5572e+00   2.5322e-01
   2.5575e+00   2.5575e+00   1.1818e+02   4.3195e-02   2.0417e+00   6.1012e-02   5.6401e-03   2.8839e+00   2.6660e-01
   2.6581e+00   2.6581e+00   1.1958e+02   4.0851e-02   1.8981e+00   7.2767e-02   6.1726e-03   3.3810e+00   2.8680e-01
   2.7589e+00   2.7589e+00   1.2097e+02   3.9034e-02   1.7857e+00   5.5292e-02   5.3956e-03   2.5295e+00   2.4683e-01
   2.8599e+00   2.8599e+00   1.2234e+02   3.7687e-02   1.7000e+00   7.2191e-02   6.1903e-03   3.2564e+00   2.7923e-01
   2.9610e+00   2.9610e+00   1.2369e+02   3.6745e-02   1.6365e+00   7.2906e-02   6.2521e-03   3.2470e+00   2.7845e-01
   3.0622e+00   3.0622e+00   1.2501e+02   3.6147e-02   1.5914e+00   7.2127e-02   6.2543e-03   3.1753e+00   2.7534e-01
   3.1635e+00   3.1635e+00   1.2631e+02   3.5839e-02   1.5613e+00   5.8792e-02   5.6835e-03   2.5613e+00   2.4760e-01
   3.2649e+00   3.2649e+00   1.2758e+02   3.5773e-02   1.5437e+00   7.8048e-02   6.5961e-03   3.3681e+00   2.8465e-01
   3.3664e+00   3.3664e+00   1.2883e+02   3.5912e-02   1.5364e+00   7.9293e-02   6.7019e-03   3.3925e+00   2.8673e-01
   3.4679e+00   3.4679e+00   1.3006e+02   3.6220e-02   1.5376e+00   7.0861e-02   6.3897e-03   3.0082e+00   2.7126e-01
   3.5695e+00   3.5695e+00   1.3125e+02   3.6670e-02   1.5458e+00   7.3337e-02   6.5596e-03   3.0916e+00   2.7652e-01
   3.6711e+00   3.6711e+00   1.3242e+02   3.7238e-02   1.5599e+00   6.9392e-02   6.4432e-03   2.9068e+00   2.6990e-01
   3.7728e+00   3.7728e+00   1.3356e+02   3.7902e-02   1.5787e+00   6.2277e-02   6.1665e-03   2.5939e+00   2.5684e-01
   3.8744e+00   3.8744e+00   1.3467e+02   3.8646e-02   1.6014e+00   6.9860e-02   6.6007e-03   2.8948e+00   2.7352e-01
   3.9761e+00   3.9761e+00   1.3575e+02   3.9452e-02   1.6273e+00   6.2506e-02   6.3139e-03   2.5782e+00   2.6044e-01
   4.0778e+00   4.0778e+00   1.3681e+02   4.0309e-02   1.6559e+00   5.7428e-02   6.1216e-03   2.3591e+00   2.5147e-01
   4.1795e+00   4.1795e+00   1.3784e+02   4.1204e-02   1.6865e+00   6.1476e-02   6.4088e-03   2.5162e+00   2.6231e-01
   4.2811e+00   4.2811e+00   1.3884e+02   4.2127e-02   1.7187e+00   6.0927e-02   6.4588e-03   2.4857e+00   2.6351e-01
   4.3828e+00   4.3828e+00   1.3982e+02   4.3070e-02   1.7522e+00   4.7020e-02   5.7446e-03   1.9129e+00   2.3371e-01
   4.4844e+00   4.4844e+00   1.4076e+02   4.4023e-02   1.7866e+00   4.7501e-02   5.8475e-03   1.9277e+00   2.3731e-01
   4.5860e+00   4.5860e+00   1.4169e+02   4.4982e-02   1.8216e+00   4.0614e-02   5.4761e-03   1.6447e+00   2.2176e-01
   4.6876e+00   4.6876e+00   1.4258e+02   4.5938e-02   1.8569e+00   4.8512e-02   6.0636e-03   1.9609e+00   2.4511e-01
   4.7892e+00   4.7892e+00   1.4345e+02   4.6888e-02   1.8924e+00   5.4481e-02   6.5120e-03   2.1989e+00   2.6283e-01
   4.8908e+00   4.8908e+00   1.4430e+02   4.7827e-02   1.9279e+00   6.7149e-02   7.3263e-03   2.7067e+00   2.9532e-01


